Drill Listing
=============
Drill: .009  Tool: 1  Feed: 0  Speed: 0
X 1855449  Y 1512836
X 1919199  Y 1513086
X 1855449  Y 1555586
X 1897637  Y 1596850
X 1848199  Y 1633086
X 1918949  Y 1633086
X 1883544  Y 1689492
X 1917544  Y 1689492
X 1844699  Y 1707586
X 1993199  Y 1764086
X 1993199  Y 1757086
X 1951044  Y 1689492
X 1972544  Y 1689492
X 1992044  Y 1689492
X 2025044  Y 1689492
X 1961199  Y 1633336
X 2003949  Y 1633336
X 1968503  Y 1596850
X 2039370  Y 1596850
X 1961699  Y 1513086
X 2025449  Y 1512836
X 2150064  Y 1495336
X 2081699  Y 1513086
X 2081699  Y 1555336
X 2081699  Y 1633336
X 2085199  Y 1651086
X 2085199  Y 1714586
X 2146564  Y 1718086
X 2167655  Y 1860248
X 2238312  Y 2065089
X 2178240  Y 2061807
X 2244618  Y 2048330
X 2190618  Y 2014330
X 2170618  Y 1951330
X 2195618  Y 1890330
X 2186618  Y 1713053
X 2182618  Y 1691053
X 2190618  Y 1691053
X 2227814  Y 1658086
X 2182618  Y 1611053
X 2190618  Y 1611053
X 2227814  Y 1580336
X 2190618  Y 1531053
X 2182618  Y 1531053
X 2262618  Y 1531053
X 2270618  Y 1531053
X 2312564  Y 1573086
X 2262618  Y 1611053
X 2270618  Y 1611053
X 2312564  Y 1658086
X 2270618  Y 1691053
X 2262618  Y 1691053
X 2266618  Y 1713053
X 2294814  Y 1760586
X 2291314  Y 1764086
X 2311618  Y 1869330
X 2317618  Y 2037330
X 2264618  Y 2051330
X 2255941  Y 2068758
X 2272044  Y 2071091
X 2294814  Y 2114764
X 2291314  Y 2118264
X 2376209  Y 2075997
X 2358618  Y 1985330
X 2355618  Y 1919330
X 2369125  Y 1849562
X 2386814  Y 1718086
X 2346618  Y 1713053
X 2363618  Y 1705053
X 2350618  Y 1691053
X 2342618  Y 1691053
X 2363618  Y 1625053
X 2342618  Y 1611053
X 2350618  Y 1611053
X 2363618  Y 1545053
X 2350618  Y 1531053
X 2342618  Y 1531053
X 2379814  Y 1498836
X 2452367  Y 1492981
X 2470814  Y 1551586
X 2470814  Y 1622336
X 2440556  Y 1640619
X 2470814  Y 1672086
X 2494467  Y 1732095
X 2483076  Y 1734714
X 2486225  Y 1752824
X 2491344  Y 1752824
X 2492609  Y 1998131
X 2492552  Y 2111243
X 2567888  Y 2108861
X 2549888  Y 2100861
X 2549888  Y 2083861
X 2549888  Y 2065861
X 2549888  Y 2048861
X 2549888  Y 2031861
X 2549888  Y 2013861
X 2549888  Y 1996861
X 2496227  Y 1881482
X 2509679  Y 1752075
X 2501805  Y 1752075
X 2509679  Y 1734753
X 2499064  Y 1671836
X 2524210  Y 1669774
X 2563294  Y 1666841
X 2561681  Y 1627822
X 2523858  Y 1627537
X 2495564  Y 1625836
X 2523882  Y 1575672
X 2499314  Y 1551836
X 2561731  Y 1551378
X 2564572  Y 1485107
X 2609060  Y 1521722
X 2616540  Y 1540226
X 2605544  Y 1730341
X 2594564  Y 1760336
X 2591064  Y 1763836
X 2593888  Y 1860861
X 2595888  Y 1877861
X 2597888  Y 1895861
X 2599888  Y 1912861
X 2601888  Y 1929861
X 2603888  Y 1946861
X 2605888  Y 1963861
X 2607888  Y 1978861
X 2597888  Y 1996861
X 2603888  Y 2013861
X 2593888  Y 2031861
X 2599888  Y 2048861
X 2605888  Y 2065861
X 2595888  Y 2083861
X 2601888  Y 2100861
X 2607888  Y 2108861
X 2595274  Y 2150044
X 2591524  Y 2153544
X 2655270  Y 2111296
X 2648214  Y 1969836
X 2644716  Y 1881401
X 2630794  Y 1727841
X 2627170  Y 1709123
X 2623064  Y 1675586
X 2674808  Y 1640619
X 2623064  Y 1640086
X 2623605  Y 1585355
X 2647643  Y 1489438

Drill: .02756  Tool: 2  Feed: 197  Speed: 550
X 2487878  Y 1526092
X 2487878  Y 1695383
X 2566618  Y 1707194
X 2645358  Y 1695383
X 2645358  Y 1526092
X 2554807  Y 1526092

Drill: .0315  Tool: 3  Feed: 197  Speed: 550
X 2097885  Y 1485905
X 2097885  Y 1490630
X 2097885  Y 1495354
X 2097885  Y 1500079
X 2097885  Y 1504803
X 2097885  Y 1722126
X 2097885  Y 1726850
X 2097885  Y 1731575
X 2097885  Y 1736299
X 2097885  Y 1741024
X 2173476  Y 1805197
X 2178200  Y 1805197
X 2182924  Y 1805197
X 2187649  Y 1805197
X 2192373  Y 1805197
X 2192373  Y 1770551
X 2187649  Y 1770551
X 2182924  Y 1770551
X 2178200  Y 1770551
X 2173476  Y 1770551
X 2136861  Y 1741024
X 2136861  Y 1736299
X 2136861  Y 1731575
X 2136861  Y 1726850
X 2136861  Y 1722126
X 2136861  Y 1504803
X 2136861  Y 1500079
X 2136861  Y 1495354
X 2136861  Y 1490630
X 2136861  Y 1485905
X 2367176  Y 1770551
X 2362452  Y 1770551
X 2357727  Y 1770551
X 2353003  Y 1770551
X 2353003  Y 1805197
X 2357727  Y 1805197
X 2362452  Y 1805197
X 2367176  Y 1805197
X 2395916  Y 2090630
X 2395916  Y 2085905
X 2395916  Y 2081181
X 2395916  Y 2076457
X 2395916  Y 2071732
X 2395916  Y 1854409
X 2395916  Y 1849685
X 2395916  Y 1844961
X 2395916  Y 1840236
X 2395916  Y 1835512
X 2371901  Y 1805197
X 2371901  Y 1770551
X 2395916  Y 1745748
X 2395916  Y 1741024
X 2395916  Y 1736299
X 2395916  Y 1731575
X 2395916  Y 1726850
X 2395916  Y 1504803
X 2395916  Y 1500079
X 2395916  Y 1495354
X 2395916  Y 1490630
X 2395916  Y 1485905
X 2437255  Y 1485905
X 2437255  Y 1490630
X 2437255  Y 1495354
X 2437255  Y 1500079
X 2437255  Y 1504803
X 2437255  Y 1726850
X 2437255  Y 1731575
X 2437255  Y 1736299
X 2437255  Y 1741024
X 2437255  Y 1745748
X 2466389  Y 1770551
X 2461664  Y 1770551
X 2461664  Y 1805197
X 2466389  Y 1805197
X 2437255  Y 1835512
X 2437255  Y 1840236
X 2437255  Y 1844961
X 2437255  Y 1849685
X 2437255  Y 1854409
X 2437255  Y 2071732
X 2437255  Y 2076457
X 2437255  Y 2081181
X 2437255  Y 2085905
X 2437255  Y 2090630
X 2471113  Y 1805197
X 2475838  Y 1805197
X 2480562  Y 1805197
X 2480562  Y 1770551
X 2475838  Y 1770551
X 2471113  Y 1770551
X 2669539  Y 1770551
X 2655365  Y 1770551
X 2664814  Y 1770551
X 2660090  Y 1770551
X 2674263  Y 1770551
X 2669539  Y 1805197
X 2655365  Y 1805197
X 2660090  Y 1805197
X 2664814  Y 1805197
X 2674263  Y 1805197

Drill: .12598  Tool: 4  Feed: 35  Speed: 794
X 1866044  Y 1470421
X 2070962  Y 1470421
X 2070962  Y 1751053
X 1866044  Y 1751053
X 2164159  Y 2105330
X 2164159  Y 1824698
X 2164159  Y 1751052
X 2164159  Y 1470420
X 2369077  Y 1470420
X 2369077  Y 1751052
X 2369077  Y 1824698
X 2369077  Y 2105330
X 2464429  Y 2140861
X 2464429  Y 1860229
X 2464159  Y 1751052
X 2464159  Y 1470420
X 2669077  Y 1470420
X 2669077  Y 1751052
X 2669347  Y 1860229
X 2669347  Y 2140861

End of Listing
