Handling lib "demo-bundle"...
The --lib flag was not given for it, checking repository
Prebuilt binary for "demo-bundle" already exists
Prepared local dir: "/fwbuild-volumes/1.26/apps/doorbell-c/esp32/build_contexts/build_ctx_683878735/libs/demo-bundle"
Handling lib "ca-bundle"...
Handling lib "rpc-service-fs"...
The --lib flag was not given for it, checking repository
The --lib flag was not given for it, checking repository
Handling lib "aws"...
The --lib flag was not given for it, checking repository
Handling lib "ota-shadow"...
Handling lib "rpc-service-config"...
The --lib flag was not given for it, checking repository
The --lib flag was not given for it, checking repository
Handling lib "dash"...
The --lib flag was not given for it, checking repository
Handling lib "ota-http-client"...
The --lib flag was not given for it, checking repository
Handling lib "http-server"...
The --lib flag was not given for it, checking repository
Handling lib "ota-http-server"...
The --lib flag was not given for it, checking repository
Handling lib "gcp"...
The --lib flag was not given for it, checking repository
Handling lib "atca"...
The --lib flag was not given for it, checking repository
Handling lib "bt-service-config"...
The --lib flag was not given for it, checking repository
Handling lib "rpc-uart"...
The --lib flag was not given for it, checking repository
Handling lib "dns-sd"...
The --lib flag was not given for it, checking repository
Handling lib "bt-service-debug"...
The --lib flag was not given for it, checking repository
Handling lib "shadow"...
The --lib flag was not given for it, checking repository
Handling lib "dht"...
The --lib flag was not given for it, checking repository
Handling lib "i2c"...
The --lib flag was not given for it, checking repository
Handling lib "sntp"...
Handling lib "rpc-service-i2c"...
The --lib flag was not given for it, checking repository
Handling lib "esp32-touchpad"...
Handling lib "rpc-service-wifi"...
The --lib flag was not given for it, checking repository
Handling lib "wifi"...
The --lib flag was not given for it, checking repository
Handling lib "rpc-service-gpio"...
The --lib flag was not given for it, checking repository
Handling lib "adc"...
The --lib flag was not given for it, checking repository
Handling lib "rpc-service-ota"...
Handling lib "vfs-dev-spi-flash"...
The --lib flag was not given for it, checking repository
Handling lib "pppos"...
The --lib flag was not given for it, checking repository
The --lib flag was not given for it, checking repository
The --lib flag was not given for it, checking repository
Handling lib "pwm"...
Handling lib "spi"...
The --lib flag was not given for it, checking repository
Handling lib "rpc-gatts"...
Handling lib "rpc-mqtt"...
The --lib flag was not given for it, checking repository
The --lib flag was not given for it, checking repository
The --lib flag was not given for it, checking repository
The --lib flag was not given for it, checking repository
Handling lib "rpc-service-atca"...
The --lib flag was not given for it, checking repository
Handling lib "rpc-loopback"...
The --lib flag was not given for it, checking repository
Handling lib "ethernet"...
The --lib flag was not given for it, checking repository
Prebuilt binary for "ota-http-client" already exists
Prepared local dir: "/fwbuild-volumes/1.26/apps/doorbell-c/esp32/build_contexts/build_ctx_683878735/libs/ota-http-client"
Prebuilt binary for "gcp" already exists
Prepared local dir: "/fwbuild-volumes/1.26/apps/doorbell-c/esp32/build_contexts/build_ctx_683878735/libs/gcp"
Lib "ca-bundle" is already handled, skipping
Handling lib "mqtt"...
The --lib flag was not given for it, checking repository
Prebuilt binary for "aws" already exists
Prepared local dir: "/fwbuild-volumes/1.26/apps/doorbell-c/esp32/build_contexts/build_ctx_683878735/libs/aws"
Prebuilt binary for "ca-bundle" already exists
Prepared local dir: "/fwbuild-volumes/1.26/apps/doorbell-c/esp32/build_contexts/build_ctx_683878735/libs/ca-bundle"
Lib "ca-bundle" is already handled, skipping
Lib "mqtt" is already handled, skipping
Lib "shadow" is already handled, skipping
Prebuilt binary for "rpc-service-fs" already exists
Prepared local dir: "/fwbuild-volumes/1.26/apps/doorbell-c/esp32/build_contexts/build_ctx_683878735/libs/rpc-service-fs"
Handling lib "rpc-common"...
The --lib flag was not given for it, checking repository
Prebuilt binary for "ota-shadow" already exists
Prepared local dir: "/fwbuild-volumes/1.26/apps/doorbell-c/esp32/build_contexts/build_ctx_683878735/libs/ota-shadow"
Prebuilt binary for "dash" already exists
Prepared local dir: "/fwbuild-volumes/1.26/apps/doorbell-c/esp32/build_contexts/build_ctx_683878735/libs/dash"
Prebuilt binary for "ethernet" already exists
Prepared local dir: "/fwbuild-volumes/1.26/apps/doorbell-c/esp32/build_contexts/build_ctx_683878735/libs/ethernet"
Prebuilt binary for "spi" already exists
Prepared local dir: "/fwbuild-volumes/1.26/apps/doorbell-c/esp32/build_contexts/build_ctx_683878735/libs/spi"
Lib "shadow" is already handled, skipping
Prebuilt binary for "ota-http-server" already exists
Prebuilt binary for "i2c" already exists
Prebuilt binary for "bt-service-config" already exists
Prebuilt binary for "rpc-service-wifi" already exists
Lib "ota-shadow" is already handled, skipping
Lib "rpc-common" is already handled, skipping
Prepared local dir: "/fwbuild-volumes/1.26/apps/doorbell-c/esp32/build_contexts/build_ctx_683878735/libs/ota-http-server"
Lib "shadow" is already handled, skipping
Prepared local dir: "/fwbuild-volumes/1.26/apps/doorbell-c/esp32/build_contexts/build_ctx_683878735/libs/rpc-service-wifi"
Prepared local dir: "/fwbuild-volumes/1.26/apps/doorbell-c/esp32/build_contexts/build_ctx_683878735/libs/i2c"
Prepared local dir: "/fwbuild-volumes/1.26/apps/doorbell-c/esp32/build_contexts/build_ctx_683878735/libs/bt-service-config"
Lib "rpc-common" is already handled, skipping
Lib "wifi" is already handled, skipping
Lib "http-server" is already handled, skipping
Lib "ota-http-client" is already handled, skipping
Prebuilt binary for "bt-service-debug" already exists
Prepared local dir: "/fwbuild-volumes/1.26/apps/doorbell-c/esp32/build_contexts/build_ctx_683878735/libs/bt-service-debug"
Prebuilt binary for "adc" already exists
Prepared local dir: "/fwbuild-volumes/1.26/apps/doorbell-c/esp32/build_contexts/build_ctx_683878735/libs/adc"
Handling lib "bt-common"...
Prebuilt binary for "rpc-service-ota" already exists
Prepared local dir: "/fwbuild-volumes/1.26/apps/doorbell-c/esp32/build_contexts/build_ctx_683878735/libs/rpc-service-ota"
Prebuilt binary for "sntp" already exists
Prepared local dir: "/fwbuild-volumes/1.26/apps/doorbell-c/esp32/build_contexts/build_ctx_683878735/libs/sntp"
The --lib flag was not given for it, checking repository
Lib "ota-http-client" is already handled, skipping
Lib "rpc-common" is already handled, skipping
Lib "bt-common" is already handled, skipping
Prebuilt binary for "rpc-service-i2c" already exists
Prepared local dir: "/fwbuild-volumes/1.26/apps/doorbell-c/esp32/build_contexts/build_ctx_683878735/libs/rpc-service-i2c"
Lib "i2c" is already handled, skipping
Lib "rpc-common" is already handled, skipping
Prebuilt binary for "shadow" already exists
Prepared local dir: "/fwbuild-volumes/1.26/apps/doorbell-c/esp32/build_contexts/build_ctx_683878735/libs/shadow"
Prebuilt binary for "esp32-touchpad" already exists
Prepared local dir: "/fwbuild-volumes/1.26/apps/doorbell-c/esp32/build_contexts/build_ctx_683878735/libs/esp32-touchpad"
Prebuilt binary for "rpc-uart" already exists
Prepared local dir: "/fwbuild-volumes/1.26/apps/doorbell-c/esp32/build_contexts/build_ctx_683878735/libs/rpc-uart"
Prebuilt binary for "rpc-loopback" already exists
Prepared local dir: "/fwbuild-volumes/1.26/apps/doorbell-c/esp32/build_contexts/build_ctx_683878735/libs/rpc-loopback"
Prebuilt binary for "vfs-dev-spi-flash" already exists
Prepared local dir: "/fwbuild-volumes/1.26/apps/doorbell-c/esp32/build_contexts/build_ctx_683878735/libs/vfs-dev-spi-flash"
Lib "rpc-common" is already handled, skipping
Lib "spi" is already handled, skipping
Prebuilt binary for "rpc-service-gpio" already exists
Prebuilt binary for "dht" already exists
Prepared local dir: "/fwbuild-volumes/1.26/apps/doorbell-c/esp32/build_contexts/build_ctx_683878735/libs/rpc-service-gpio"
Prebuilt binary for "pwm" already exists
Prepared local dir: "/fwbuild-volumes/1.26/apps/doorbell-c/esp32/build_contexts/build_ctx_683878735/libs/dht"
Lib "rpc-common" is already handled, skipping
Prepared local dir: "/fwbuild-volumes/1.26/apps/doorbell-c/esp32/build_contexts/build_ctx_683878735/libs/pwm"
Prebuilt binary for "rpc-service-atca" already exists
Prepared local dir: "/fwbuild-volumes/1.26/apps/doorbell-c/esp32/build_contexts/build_ctx_683878735/libs/rpc-service-atca"
Prebuilt binary for "rpc-gatts" already exists
Prepared local dir: "/fwbuild-volumes/1.26/apps/doorbell-c/esp32/build_contexts/build_ctx_683878735/libs/rpc-gatts"
Lib "rpc-common" is already handled, skipping
Lib "atca" is already handled, skipping
Lib "rpc-common" is already handled, skipping
Lib "bt-common" is already handled, skipping
Lib "rpc-common" is already handled, skipping
Prebuilt binary for "rpc-mqtt" already exists
Prepared local dir: "/fwbuild-volumes/1.26/apps/doorbell-c/esp32/build_contexts/build_ctx_683878735/libs/rpc-mqtt"
Prebuilt binary for "rpc-service-config" already exists
Prepared local dir: "/fwbuild-volumes/1.26/apps/doorbell-c/esp32/build_contexts/build_ctx_683878735/libs/rpc-service-config"
Prebuilt binary for "pppos" already exists
Prepared local dir: "/fwbuild-volumes/1.26/apps/doorbell-c/esp32/build_contexts/build_ctx_683878735/libs/pppos"
Lib "mqtt" is already handled, skipping
Lib "rpc-common" is already handled, skipping
Lib "rpc-common" is already handled, skipping
Prebuilt binary for "mqtt" already exists
Prepared local dir: "/fwbuild-volumes/1.26/apps/doorbell-c/esp32/build_contexts/build_ctx_683878735/libs/mqtt"
Prebuilt binary for "bt-common" already exists
Prepared local dir: "/fwbuild-volumes/1.26/apps/doorbell-c/esp32/build_contexts/build_ctx_683878735/libs/bt-common"
Falling back to sources for "rpc-common" (failed to fetch prebuilt binary: got 404 status code when accessed https://github.com/mongoose-os-libs/rpc-common/releases/download/1.26/librpc-common-esp32.a)
Prepared local dir: "/fwbuild-volumes/1.26/apps/doorbell-c/esp32/build_contexts/build_ctx_683878735/libs/rpc-common"
Lib "http-server" is optional, skipping
Falling back to sources for "atca" (failed to fetch prebuilt binary: got 404 status code when accessed https://github.com/mongoose-os-libs/atca/releases/download/1.26/libatca-esp32.a)
Prepared local dir: "/fwbuild-volumes/1.26/apps/doorbell-c/esp32/build_contexts/build_ctx_683878735/libs/atca"
Lib "i2c" is already handled, skipping
Falling back to sources for "http-server" (failed to fetch prebuilt binary: got 404 status code when accessed https://github.com/mongoose-os-libs/http-server/releases/download/1.26/libhttp-server-esp32.a)
Prepared local dir: "/fwbuild-volumes/1.26/apps/doorbell-c/esp32/build_contexts/build_ctx_683878735/libs/http-server"
Lib "atca" is optional, skipping
Lib "ethernet" is optional, skipping
Lib "wifi" is optional, skipping
Falling back to sources for "dns-sd" (failed to fetch prebuilt binary: got 404 status code when accessed https://github.com/mongoose-os-libs/dns-sd/releases/download/1.26/libdns-sd-esp32.a)
Prepared local dir: "/fwbuild-volumes/1.26/apps/doorbell-c/esp32/build_contexts/build_ctx_683878735/libs/dns-sd"
Lib "http-server" is already handled, skipping
Falling back to sources for "wifi" (failed to fetch prebuilt binary: got 404 status code when accessed https://github.com/mongoose-os-libs/wifi/releases/download/1.26/libwifi-esp32.a)
Prepared local dir: "/fwbuild-volumes/1.26/apps/doorbell-c/esp32/build_contexts/build_ctx_683878735/libs/wifi"
The flag --repo is not given, going to use mongoose-os repository
Sources: [/fwbuild-volumes/1.26/apps/doorbell-c/esp32/build_contexts/build_ctx_683878735/src/main.c /fwbuild-volumes/1.26/apps/doorbell-c/esp32/build_contexts/build_ctx_683878735/build/gen/deps_init.c /fwbuild-volumes/1.26/apps/doorbell-c/esp32/build_contexts/build_ctx_683878735/libs/adc/esp32/src/esp32_adc.c /fwbuild-volumes/1.26/apps/doorbell-c/esp32/build_contexts/build_ctx_683878735/libs/i2c/src/mgos_i2c.c /fwbuild-volumes/1.26/apps/doorbell-c/esp32/build_contexts/build_ctx_683878735/libs/i2c/esp32/src/esp32_i2c_master.c /fwbuild-volumes/1.26/apps/doorbell-c/esp32/build_contexts/build_ctx_683878735/libs/atca/src/mgos_atca.c /fwbuild-volumes/1.26/apps/doorbell-c/esp32/build_contexts/build_ctx_683878735/libs/ca-bundle/src/mgos_ca_bundle.c /fwbuild-volumes/1.26/apps/doorbell-c/esp32/build_contexts/build_ctx_683878735/libs/mqtt/src/mgos_mqtt.c /fwbuild-volumes/1.26/apps/doorbell-c/esp32/build_contexts/build_ctx_683878735/libs/shadow/src/mgos_shadow.c /fwbuild-volumes/1.26/apps/doorbell-c/esp32/build_contexts/build_ctx_683878735/libs/aws/src/mgos_aws.c /fwbuild-volumes/1.26/apps/doorbell-c/esp32/build_contexts/build_ctx_683878735/libs/aws/src/mgos_aws_greengrass.c /fwbuild-volumes/1.26/apps/doorbell-c/esp32/build_contexts/build_ctx_683878735/libs/aws/src/mgos_aws_shadow.c /fwbuild-volumes/1.26/apps/doorbell-c/esp32/build_contexts/build_ctx_683878735/libs/bt-common/src/mgos_bt.c /fwbuild-volumes/1.26/apps/doorbell-c/esp32/build_contexts/build_ctx_683878735/libs/bt-common/src/mgos_bt_gap.c /fwbuild-volumes/1.26/apps/doorbell-c/esp32/build_contexts/build_ctx_683878735/libs/bt-common/src/esp32/esp32_bt.c /fwbuild-volumes/1.26/apps/doorbell-c/esp32/build_contexts/build_ctx_683878735/libs/bt-common/src/esp32/esp32_bt_gap.c /fwbuild-volumes/1.26/apps/doorbell-c/esp32/build_contexts/build_ctx_683878735/libs/bt-common/src/esp32/esp32_bt_gattc.c /fwbuild-volumes/1.26/apps/doorbell-c/esp32/build_contexts/build_ctx_683878735/libs/bt-common/src/esp32/esp32_bt_gatts.c /fwbuild-volumes/1.26/apps/doorbell-c/esp32/build_contexts/build_ctx_683878735/libs/bt-service-config/src/esp32/esp32_bt_svc_config.c /fwbuild-volumes/1.26/apps/doorbell-c/esp32/build_contexts/build_ctx_683878735/libs/bt-service-debug/src/esp32/esp32_bt_svc_debug.c /fwbuild-volumes/1.26/apps/doorbell-c/esp32/build_contexts/build_ctx_683878735/libs/ethernet/src/mgos_eth.c /fwbuild-volumes/1.26/apps/doorbell-c/esp32/build_contexts/build_ctx_683878735/libs/ethernet/src/esp32/esp32_eth.c /fwbuild-volumes/1.26/apps/doorbell-c/esp32/build_contexts/build_ctx_683878735/libs/wifi/src/mgos_wifi.c /fwbuild-volumes/1.26/apps/doorbell-c/esp32/build_contexts/build_ctx_683878735/libs/wifi/src/mjs_wifi.c /fwbuild-volumes/1.26/apps/doorbell-c/esp32/build_contexts/build_ctx_683878735/libs/wifi/esp32/src/esp32_wifi.c /fwbuild-volumes/1.26/apps/doorbell-c/esp32/build_contexts/build_ctx_683878735/libs/http-server/src/mgos_http_server.c /fwbuild-volumes/1.26/apps/doorbell-c/esp32/build_contexts/build_ctx_683878735/libs/rpc-common/src/mg_rpc/mg_rpc.c /fwbuild-volumes/1.26/apps/doorbell-c/esp32/build_contexts/build_ctx_683878735/libs/rpc-common/src/mg_rpc/mg_rpc_channel.c /fwbuild-volumes/1.26/apps/doorbell-c/esp32/build_contexts/build_ctx_683878735/libs/rpc-common/src/mg_rpc/mg_rpc_channel_http.c /fwbuild-volumes/1.26/apps/doorbell-c/esp32/build_contexts/build_ctx_683878735/libs/rpc-common/src/mg_rpc/mg_rpc_channel_ws.c /fwbuild-volumes/1.26/apps/doorbell-c/esp32/build_contexts/build_ctx_683878735/libs/rpc-common/src/mgos_rpc.c /fwbuild-volumes/1.26/apps/doorbell-c/esp32/build_contexts/build_ctx_683878735/libs/dht/src/mgos_dht.c /fwbuild-volumes/1.26/apps/doorbell-c/esp32/build_contexts/build_ctx_683878735/libs/dns-sd/src/mgos_dns_sd.c /fwbuild-volumes/1.26/apps/doorbell-c/esp32/build_contexts/build_ctx_683878735/libs/esp32-touchpad/src/esp32_touchpad.c /fwbuild-volumes/1.26/apps/doorbell-c/esp32/build_contexts/build_ctx_683878735/libs/gcp/src/mgos_gcp.c /fwbuild-volumes/1.26/apps/doorbell-c/esp32/build_contexts/build_ctx_683878735/libs/pppos/src/mgos_pppos.c /fwbuild-volumes/1.26/apps/doorbell-c/esp32/build_contexts/build_ctx_683878735/libs/pwm/src/mgos_pwm.c /fwbuild-volumes/1.26/apps/doorbell-c/esp32/build_contexts/build_ctx_683878735/libs/pwm/src/esp32/esp32_pwm.c /fwbuild-volumes/1.26/apps/doorbell-c/esp32/build_contexts/build_ctx_683878735/libs/rpc-gatts/src/esp32/esp32_rpc_channel_gatts.c /fwbuild-volumes/1.26/apps/doorbell-c/esp32/build_contexts/build_ctx_683878735/libs/rpc-loopback/src/mg_rpc_channel_loopback.c /fwbuild-volumes/1.26/apps/doorbell-c/esp32/build_contexts/build_ctx_683878735/libs/rpc-mqtt/src/mgos_rpc_channel_mqtt.c /fwbuild-volumes/1.26/apps/doorbell-c/esp32/build_contexts/build_ctx_683878735/libs/rpc-service-atca/src/mgos_atca_service.c /fwbuild-volumes/1.26/apps/doorbell-c/esp32/build_contexts/build_ctx_683878735/libs/rpc-service-config/src/mgos_service_config.c /fwbuild-volumes/1.26/apps/doorbell-c/esp32/build_contexts/build_ctx_683878735/libs/rpc-service-fs/src/mgos_service_filesystem.c /fwbuild-volumes/1.26/apps/doorbell-c/esp32/build_contexts/build_ctx_683878735/libs/rpc-service-gpio/src/mgos_gpio_service.c /fwbuild-volumes/1.26/apps/doorbell-c/esp32/build_contexts/build_ctx_683878735/libs/rpc-service-i2c/src/mgos_i2c_service.c /fwbuild-volumes/1.26/apps/doorbell-c/esp32/build_contexts/build_ctx_683878735/libs/rpc-service-wifi/src/mgos_rpc_service_wifi.c /fwbuild-volumes/1.26/apps/doorbell-c/esp32/build_contexts/build_ctx_683878735/libs/rpc-uart/src/mgos_rpc_channel_uart.c /fwbuild-volumes/1.26/apps/doorbell-c/esp32/build_contexts/build_ctx_683878735/libs/sntp/src/mgos_sntp.c /fwbuild-volumes/1.26/apps/doorbell-c/esp32/build_contexts/build_ctx_683878735/libs/spi/src/mgos_spi.c /fwbuild-volumes/1.26/apps/doorbell-c/esp32/build_contexts/build_ctx_683878735/libs/spi/src/mgos_spi_mjs.c /fwbuild-volumes/1.26/apps/doorbell-c/esp32/build_contexts/build_ctx_683878735/libs/spi/src/esp32/esp32_spi_master.c /fwbuild-volumes/1.26/apps/doorbell-c/esp32/build_contexts/build_ctx_683878735/libs/vfs-dev-spi-flash/src/mgos_vfs_dev_spi_flash.c /fwbuild-volumes/1.26/apps/doorbell-c/esp32/build_contexts/build_ctx_683878735/libs/demo-bundle/src/mgos_demo_bundle.c]
Include dirs: [/fwbuild-volumes/1.26/apps/doorbell-c/esp32/build_contexts/build_ctx_683878735/libs/adc/include /fwbuild-volumes/1.26/apps/doorbell-c/esp32/build_contexts/build_ctx_683878735/libs/i2c/include /fwbuild-volumes/1.26/apps/doorbell-c/esp32/build_contexts/build_ctx_683878735/libs/atca/include /fwbuild-volumes/1.26/apps/doorbell-c/esp32/build_contexts/build_ctx_683878735/libs/mqtt/include /fwbuild-volumes/1.26/apps/doorbell-c/esp32/build_contexts/build_ctx_683878735/libs/shadow/include /fwbuild-volumes/1.26/apps/doorbell-c/esp32/build_contexts/build_ctx_683878735/libs/aws/include /fwbuild-volumes/1.26/apps/doorbell-c/esp32/build_contexts/build_ctx_683878735/libs/bt-common/include /fwbuild-volumes/1.26/apps/doorbell-c/esp32/build_contexts/build_ctx_683878735/libs/bt-common/include/esp32 /fwbuild-volumes/1.26/apps/doorbell-c/esp32/build_contexts/build_ctx_683878735/libs/wifi/include /fwbuild-volumes/1.26/apps/doorbell-c/esp32/build_contexts/build_ctx_683878735/libs/wifi/esp32/include /fwbuild-volumes/1.26/apps/doorbell-c/esp32/build_contexts/build_ctx_683878735/libs/http-server/include /fwbuild-volumes/1.26/apps/doorbell-c/esp32/build_contexts/build_ctx_683878735/libs/rpc-common/include/mg_rpc /fwbuild-volumes/1.26/apps/doorbell-c/esp32/build_contexts/build_ctx_683878735/libs/rpc-common/include /fwbuild-volumes/1.26/apps/doorbell-c/esp32/build_contexts/build_ctx_683878735/libs/dash/include /fwbuild-volumes/1.26/apps/doorbell-c/esp32/build_contexts/build_ctx_683878735/libs/dht/include /fwbuild-volumes/1.26/apps/doorbell-c/esp32/build_contexts/build_ctx_683878735/libs/dns-sd/include /fwbuild-volumes/1.26/apps/doorbell-c/esp32/build_contexts/build_ctx_683878735/libs/gcp/include /fwbuild-volumes/1.26/apps/doorbell-c/esp32/build_contexts/build_ctx_683878735/libs/ota-http-client/include /fwbuild-volumes/1.26/apps/doorbell-c/esp32/build_contexts/build_ctx_683878735/libs/ota-http-server/include /fwbuild-volumes/1.26/apps/doorbell-c/esp32/build_contexts/build_ctx_683878735/libs/pppos/include /fwbuild-volumes/1.26/apps/doorbell-c/esp32/build_contexts/build_ctx_683878735/libs/pwm/include /fwbuild-volumes/1.26/apps/doorbell-c/esp32/build_contexts/build_ctx_683878735/libs/rpc-loopback/include /fwbuild-volumes/1.26/apps/doorbell-c/esp32/build_contexts/build_ctx_683878735/libs/rpc-mqtt/include /fwbuild-volumes/1.26/apps/doorbell-c/esp32/build_contexts/build_ctx_683878735/libs/rpc-service-config/include /fwbuild-volumes/1.26/apps/doorbell-c/esp32/build_contexts/build_ctx_683878735/libs/rpc-service-fs/include /fwbuild-volumes/1.26/apps/doorbell-c/esp32/build_contexts/build_ctx_683878735/libs/rpc-service-gpio/include /fwbuild-volumes/1.26/apps/doorbell-c/esp32/build_contexts/build_ctx_683878735/libs/rpc-service-i2c/include /fwbuild-volumes/1.26/apps/doorbell-c/esp32/build_contexts/build_ctx_683878735/libs/rpc-service-ota/include /fwbuild-volumes/1.26/apps/doorbell-c/esp32/build_contexts/build_ctx_683878735/libs/rpc-uart/include /fwbuild-volumes/1.26/apps/doorbell-c/esp32/build_contexts/build_ctx_683878735/libs/sntp/include /fwbuild-volumes/1.26/apps/doorbell-c/esp32/build_contexts/build_ctx_683878735/libs/spi/include /fwbuild-volumes/1.26/apps/doorbell-c/esp32/build_contexts/build_ctx_683878735/libs/vfs-dev-spi-flash/include]
Binary libs: [/fwbuild-volumes/1.26/apps/doorbell-c/esp32/build_contexts/build_ctx_683878735/libs/ota-shadow/lib/esp32/libota-shadow.a /fwbuild-volumes/1.26/apps/doorbell-c/esp32/build_contexts/build_ctx_683878735/libs/dash/lib/esp32/libdash.a /fwbuild-volumes/1.26/apps/doorbell-c/esp32/build_contexts/build_ctx_683878735/libs/ota-http-client/lib/esp32/libota-http-client.a /fwbuild-volumes/1.26/apps/doorbell-c/esp32/build_contexts/build_ctx_683878735/libs/ota-http-server/lib/esp32/libota-http-server.a /fwbuild-volumes/1.26/apps/doorbell-c/esp32/build_contexts/build_ctx_683878735/libs/rpc-service-ota/lib/esp32/librpc-service-ota.a]
Building...
mount from "/fwbuild-volumes/1.26/apps/doorbell-c/esp32/build_contexts/build_ctx_683878735" to "/app"
mount from "/fwbuild-volumes/1.26/apps/doorbell-c/esp32/build_contexts/build_ctx_683878735/modules/mongoose-os" to "/mongoose-os"
mount from "/fwbuild-volumes/1.26/apps/doorbell-c/esp32/build_contexts/build_ctx_683878735/modules/mongoose-os" to "/fwbuild-volumes/1.26/apps/doorbell-c/esp32/build_contexts/build_ctx_683878735/modules/mongoose-os"
mount from "/fwbuild-volumes/1.26/apps/doorbell-c/esp32/build_contexts/build_ctx_683878735/build" to "/fwbuild-volumes/1.26/apps/doorbell-c/esp32/build_contexts/build_ctx_683878735/build"
mount from "/fwbuild-volumes/1.26/apps/doorbell-c/esp32/build_contexts/build_ctx_683878735/src" to "/fwbuild-volumes/1.26/apps/doorbell-c/esp32/build_contexts/build_ctx_683878735/src"
mount from "/fwbuild-volumes/1.26/apps/doorbell-c/esp32/build_contexts/build_ctx_683878735/build/gen" to "/fwbuild-volumes/1.26/apps/doorbell-c/esp32/build_contexts/build_ctx_683878735/build/gen"
mount from "/fwbuild-volumes/1.26/apps/doorbell-c/esp32/build_contexts/build_ctx_683878735/libs/adc/esp32/src" to "/fwbuild-volumes/1.26/apps/doorbell-c/esp32/build_contexts/build_ctx_683878735/libs/adc/esp32/src"
mount from "/fwbuild-volumes/1.26/apps/doorbell-c/esp32/build_contexts/build_ctx_683878735/libs/i2c/src" to "/fwbuild-volumes/1.26/apps/doorbell-c/esp32/build_contexts/build_ctx_683878735/libs/i2c/src"
mount from "/fwbuild-volumes/1.26/apps/doorbell-c/esp32/build_contexts/build_ctx_683878735/libs/i2c/esp32/src" to "/fwbuild-volumes/1.26/apps/doorbell-c/esp32/build_contexts/build_ctx_683878735/libs/i2c/esp32/src"
mount from "/fwbuild-volumes/1.26/apps/doorbell-c/esp32/build_contexts/build_ctx_683878735/libs/atca/src" to "/fwbuild-volumes/1.26/apps/doorbell-c/esp32/build_contexts/build_ctx_683878735/libs/atca/src"
mount from "/fwbuild-volumes/1.26/apps/doorbell-c/esp32/build_contexts/build_ctx_683878735/libs/ca-bundle/src" to "/fwbuild-volumes/1.26/apps/doorbell-c/esp32/build_contexts/build_ctx_683878735/libs/ca-bundle/src"
mount from "/fwbuild-volumes/1.26/apps/doorbell-c/esp32/build_contexts/build_ctx_683878735/libs/mqtt/src" to "/fwbuild-volumes/1.26/apps/doorbell-c/esp32/build_contexts/build_ctx_683878735/libs/mqtt/src"
mount from "/fwbuild-volumes/1.26/apps/doorbell-c/esp32/build_contexts/build_ctx_683878735/libs/shadow/src" to "/fwbuild-volumes/1.26/apps/doorbell-c/esp32/build_contexts/build_ctx_683878735/libs/shadow/src"
mount from "/fwbuild-volumes/1.26/apps/doorbell-c/esp32/build_contexts/build_ctx_683878735/libs/aws/src" to "/fwbuild-volumes/1.26/apps/doorbell-c/esp32/build_contexts/build_ctx_683878735/libs/aws/src"
mount from "/fwbuild-volumes/1.26/apps/doorbell-c/esp32/build_contexts/build_ctx_683878735/libs/bt-common/src" to "/fwbuild-volumes/1.26/apps/doorbell-c/esp32/build_contexts/build_ctx_683878735/libs/bt-common/src"
mount from "/fwbuild-volumes/1.26/apps/doorbell-c/esp32/build_contexts/build_ctx_683878735/libs/bt-common/src/esp32" to "/fwbuild-volumes/1.26/apps/doorbell-c/esp32/build_contexts/build_ctx_683878735/libs/bt-common/src/esp32"
mount from "/fwbuild-volumes/1.26/apps/doorbell-c/esp32/build_contexts/build_ctx_683878735/libs/bt-service-config/src/esp32" to "/fwbuild-volumes/1.26/apps/doorbell-c/esp32/build_contexts/build_ctx_683878735/libs/bt-service-config/src/esp32"
mount from "/fwbuild-volumes/1.26/apps/doorbell-c/esp32/build_contexts/build_ctx_683878735/libs/bt-service-debug/src/esp32" to "/fwbuild-volumes/1.26/apps/doorbell-c/esp32/build_contexts/build_ctx_683878735/libs/bt-service-debug/src/esp32"
mount from "/fwbuild-volumes/1.26/apps/doorbell-c/esp32/build_contexts/build_ctx_683878735/libs/ethernet/src" to "/fwbuild-volumes/1.26/apps/doorbell-c/esp32/build_contexts/build_ctx_683878735/libs/ethernet/src"
mount from "/fwbuild-volumes/1.26/apps/doorbell-c/esp32/build_contexts/build_ctx_683878735/libs/ethernet/src/esp32" to "/fwbuild-volumes/1.26/apps/doorbell-c/esp32/build_contexts/build_ctx_683878735/libs/ethernet/src/esp32"
mount from "/fwbuild-volumes/1.26/apps/doorbell-c/esp32/build_contexts/build_ctx_683878735/libs/wifi/src" to "/fwbuild-volumes/1.26/apps/doorbell-c/esp32/build_contexts/build_ctx_683878735/libs/wifi/src"
mount from "/fwbuild-volumes/1.26/apps/doorbell-c/esp32/build_contexts/build_ctx_683878735/libs/wifi/esp32/src" to "/fwbuild-volumes/1.26/apps/doorbell-c/esp32/build_contexts/build_ctx_683878735/libs/wifi/esp32/src"
mount from "/fwbuild-volumes/1.26/apps/doorbell-c/esp32/build_contexts/build_ctx_683878735/libs/http-server/src" to "/fwbuild-volumes/1.26/apps/doorbell-c/esp32/build_contexts/build_ctx_683878735/libs/http-server/src"
mount from "/fwbuild-volumes/1.26/apps/doorbell-c/esp32/build_contexts/build_ctx_683878735/libs/rpc-common/src/mg_rpc" to "/fwbuild-volumes/1.26/apps/doorbell-c/esp32/build_contexts/build_ctx_683878735/libs/rpc-common/src/mg_rpc"
mount from "/fwbuild-volumes/1.26/apps/doorbell-c/esp32/build_contexts/build_ctx_683878735/libs/rpc-common/src" to "/fwbuild-volumes/1.26/apps/doorbell-c/esp32/build_contexts/build_ctx_683878735/libs/rpc-common/src"
mount from "/fwbuild-volumes/1.26/apps/doorbell-c/esp32/build_contexts/build_ctx_683878735/libs/dht/src" to "/fwbuild-volumes/1.26/apps/doorbell-c/esp32/build_contexts/build_ctx_683878735/libs/dht/src"
mount from "/fwbuild-volumes/1.26/apps/doorbell-c/esp32/build_contexts/build_ctx_683878735/libs/dns-sd/src" to "/fwbuild-volumes/1.26/apps/doorbell-c/esp32/build_contexts/build_ctx_683878735/libs/dns-sd/src"
mount from "/fwbuild-volumes/1.26/apps/doorbell-c/esp32/build_contexts/build_ctx_683878735/libs/esp32-touchpad/src" to "/fwbuild-volumes/1.26/apps/doorbell-c/esp32/build_contexts/build_ctx_683878735/libs/esp32-touchpad/src"
mount from "/fwbuild-volumes/1.26/apps/doorbell-c/esp32/build_contexts/build_ctx_683878735/libs/gcp/src" to "/fwbuild-volumes/1.26/apps/doorbell-c/esp32/build_contexts/build_ctx_683878735/libs/gcp/src"
mount from "/fwbuild-volumes/1.26/apps/doorbell-c/esp32/build_contexts/build_ctx_683878735/libs/pppos/src" to "/fwbuild-volumes/1.26/apps/doorbell-c/esp32/build_contexts/build_ctx_683878735/libs/pppos/src"
mount from "/fwbuild-volumes/1.26/apps/doorbell-c/esp32/build_contexts/build_ctx_683878735/libs/pwm/src" to "/fwbuild-volumes/1.26/apps/doorbell-c/esp32/build_contexts/build_ctx_683878735/libs/pwm/src"
mount from "/fwbuild-volumes/1.26/apps/doorbell-c/esp32/build_contexts/build_ctx_683878735/libs/pwm/src/esp32" to "/fwbuild-volumes/1.26/apps/doorbell-c/esp32/build_contexts/build_ctx_683878735/libs/pwm/src/esp32"
mount from "/fwbuild-volumes/1.26/apps/doorbell-c/esp32/build_contexts/build_ctx_683878735/libs/rpc-gatts/src/esp32" to "/fwbuild-volumes/1.26/apps/doorbell-c/esp32/build_contexts/build_ctx_683878735/libs/rpc-gatts/src/esp32"
mount from "/fwbuild-volumes/1.26/apps/doorbell-c/esp32/build_contexts/build_ctx_683878735/libs/rpc-loopback/src" to "/fwbuild-volumes/1.26/apps/doorbell-c/esp32/build_contexts/build_ctx_683878735/libs/rpc-loopback/src"
mount from "/fwbuild-volumes/1.26/apps/doorbell-c/esp32/build_contexts/build_ctx_683878735/libs/rpc-mqtt/src" to "/fwbuild-volumes/1.26/apps/doorbell-c/esp32/build_contexts/build_ctx_683878735/libs/rpc-mqtt/src"
mount from "/fwbuild-volumes/1.26/apps/doorbell-c/esp32/build_contexts/build_ctx_683878735/libs/rpc-service-atca/src" to "/fwbuild-volumes/1.26/apps/doorbell-c/esp32/build_contexts/build_ctx_683878735/libs/rpc-service-atca/src"
mount from "/fwbuild-volumes/1.26/apps/doorbell-c/esp32/build_contexts/build_ctx_683878735/libs/rpc-service-config/src" to "/fwbuild-volumes/1.26/apps/doorbell-c/esp32/build_contexts/build_ctx_683878735/libs/rpc-service-config/src"
mount from "/fwbuild-volumes/1.26/apps/doorbell-c/esp32/build_contexts/build_ctx_683878735/libs/rpc-service-fs/src" to "/fwbuild-volumes/1.26/apps/doorbell-c/esp32/build_contexts/build_ctx_683878735/libs/rpc-service-fs/src"
mount from "/fwbuild-volumes/1.26/apps/doorbell-c/esp32/build_contexts/build_ctx_683878735/libs/rpc-service-gpio/src" to "/fwbuild-volumes/1.26/apps/doorbell-c/esp32/build_contexts/build_ctx_683878735/libs/rpc-service-gpio/src"
mount from "/fwbuild-volumes/1.26/apps/doorbell-c/esp32/build_contexts/build_ctx_683878735/libs/rpc-service-i2c/src" to "/fwbuild-volumes/1.26/apps/doorbell-c/esp32/build_contexts/build_ctx_683878735/libs/rpc-service-i2c/src"
mount from "/fwbuild-volumes/1.26/apps/doorbell-c/esp32/build_contexts/build_ctx_683878735/libs/rpc-service-wifi/src" to "/fwbuild-volumes/1.26/apps/doorbell-c/esp32/build_contexts/build_ctx_683878735/libs/rpc-service-wifi/src"
mount from "/fwbuild-volumes/1.26/apps/doorbell-c/esp32/build_contexts/build_ctx_683878735/libs/rpc-uart/src" to "/fwbuild-volumes/1.26/apps/doorbell-c/esp32/build_contexts/build_ctx_683878735/libs/rpc-uart/src"
mount from "/fwbuild-volumes/1.26/apps/doorbell-c/esp32/build_contexts/build_ctx_683878735/libs/sntp/src" to "/fwbuild-volumes/1.26/apps/doorbell-c/esp32/build_contexts/build_ctx_683878735/libs/sntp/src"
mount from "/fwbuild-volumes/1.26/apps/doorbell-c/esp32/build_contexts/build_ctx_683878735/libs/spi/src" to "/fwbuild-volumes/1.26/apps/doorbell-c/esp32/build_contexts/build_ctx_683878735/libs/spi/src"
mount from "/fwbuild-volumes/1.26/apps/doorbell-c/esp32/build_contexts/build_ctx_683878735/libs/spi/src/esp32" to "/fwbuild-volumes/1.26/apps/doorbell-c/esp32/build_contexts/build_ctx_683878735/libs/spi/src/esp32"
mount from "/fwbuild-volumes/1.26/apps/doorbell-c/esp32/build_contexts/build_ctx_683878735/libs/vfs-dev-spi-flash/src" to "/fwbuild-volumes/1.26/apps/doorbell-c/esp32/build_contexts/build_ctx_683878735/libs/vfs-dev-spi-flash/src"
mount from "/fwbuild-volumes/1.26/apps/doorbell-c/esp32/build_contexts/build_ctx_683878735/libs/demo-bundle/src" to "/fwbuild-volumes/1.26/apps/doorbell-c/esp32/build_contexts/build_ctx_683878735/libs/demo-bundle/src"
mount from "/fwbuild-volumes/1.26/apps/doorbell-c/esp32/build_contexts/build_ctx_683878735/libs/adc/include" to "/fwbuild-volumes/1.26/apps/doorbell-c/esp32/build_contexts/build_ctx_683878735/libs/adc/include"
mount from "/fwbuild-volumes/1.26/apps/doorbell-c/esp32/build_contexts/build_ctx_683878735/libs/i2c/include" to "/fwbuild-volumes/1.26/apps/doorbell-c/esp32/build_contexts/build_ctx_683878735/libs/i2c/include"
mount from "/fwbuild-volumes/1.26/apps/doorbell-c/esp32/build_contexts/build_ctx_683878735/libs/atca/include" to "/fwbuild-volumes/1.26/apps/doorbell-c/esp32/build_contexts/build_ctx_683878735/libs/atca/include"
mount from "/fwbuild-volumes/1.26/apps/doorbell-c/esp32/build_contexts/build_ctx_683878735/libs/mqtt/include" to "/fwbuild-volumes/1.26/apps/doorbell-c/esp32/build_contexts/build_ctx_683878735/libs/mqtt/include"
mount from "/fwbuild-volumes/1.26/apps/doorbell-c/esp32/build_contexts/build_ctx_683878735/libs/shadow/include" to "/fwbuild-volumes/1.26/apps/doorbell-c/esp32/build_contexts/build_ctx_683878735/libs/shadow/include"
mount from "/fwbuild-volumes/1.26/apps/doorbell-c/esp32/build_contexts/build_ctx_683878735/libs/aws/include" to "/fwbuild-volumes/1.26/apps/doorbell-c/esp32/build_contexts/build_ctx_683878735/libs/aws/include"
mount from "/fwbuild-volumes/1.26/apps/doorbell-c/esp32/build_contexts/build_ctx_683878735/libs/bt-common/include" to "/fwbuild-volumes/1.26/apps/doorbell-c/esp32/build_contexts/build_ctx_683878735/libs/bt-common/include"
mount from "/fwbuild-volumes/1.26/apps/doorbell-c/esp32/build_contexts/build_ctx_683878735/libs/bt-common/include/esp32" to "/fwbuild-volumes/1.26/apps/doorbell-c/esp32/build_contexts/build_ctx_683878735/libs/bt-common/include/esp32"
mount from "/fwbuild-volumes/1.26/apps/doorbell-c/esp32/build_contexts/build_ctx_683878735/libs/wifi/include" to "/fwbuild-volumes/1.26/apps/doorbell-c/esp32/build_contexts/build_ctx_683878735/libs/wifi/include"
mount from "/fwbuild-volumes/1.26/apps/doorbell-c/esp32/build_contexts/build_ctx_683878735/libs/wifi/esp32/include" to "/fwbuild-volumes/1.26/apps/doorbell-c/esp32/build_contexts/build_ctx_683878735/libs/wifi/esp32/include"
mount from "/fwbuild-volumes/1.26/apps/doorbell-c/esp32/build_contexts/build_ctx_683878735/libs/http-server/include" to "/fwbuild-volumes/1.26/apps/doorbell-c/esp32/build_contexts/build_ctx_683878735/libs/http-server/include"
mount from "/fwbuild-volumes/1.26/apps/doorbell-c/esp32/build_contexts/build_ctx_683878735/libs/rpc-common/include/mg_rpc" to "/fwbuild-volumes/1.26/apps/doorbell-c/esp32/build_contexts/build_ctx_683878735/libs/rpc-common/include/mg_rpc"
mount from "/fwbuild-volumes/1.26/apps/doorbell-c/esp32/build_contexts/build_ctx_683878735/libs/rpc-common/include" to "/fwbuild-volumes/1.26/apps/doorbell-c/esp32/build_contexts/build_ctx_683878735/libs/rpc-common/include"
mount from "/fwbuild-volumes/1.26/apps/doorbell-c/esp32/build_contexts/build_ctx_683878735/libs/dash/include" to "/fwbuild-volumes/1.26/apps/doorbell-c/esp32/build_contexts/build_ctx_683878735/libs/dash/include"
mount from "/fwbuild-volumes/1.26/apps/doorbell-c/esp32/build_contexts/build_ctx_683878735/libs/dht/include" to "/fwbuild-volumes/1.26/apps/doorbell-c/esp32/build_contexts/build_ctx_683878735/libs/dht/include"
mount from "/fwbuild-volumes/1.26/apps/doorbell-c/esp32/build_contexts/build_ctx_683878735/libs/dns-sd/include" to "/fwbuild-volumes/1.26/apps/doorbell-c/esp32/build_contexts/build_ctx_683878735/libs/dns-sd/include"
mount from "/fwbuild-volumes/1.26/apps/doorbell-c/esp32/build_contexts/build_ctx_683878735/libs/gcp/include" to "/fwbuild-volumes/1.26/apps/doorbell-c/esp32/build_contexts/build_ctx_683878735/libs/gcp/include"
mount from "/fwbuild-volumes/1.26/apps/doorbell-c/esp32/build_contexts/build_ctx_683878735/libs/ota-http-client/include" to "/fwbuild-volumes/1.26/apps/doorbell-c/esp32/build_contexts/build_ctx_683878735/libs/ota-http-client/include"
mount from "/fwbuild-volumes/1.26/apps/doorbell-c/esp32/build_contexts/build_ctx_683878735/libs/ota-http-server/include" to "/fwbuild-volumes/1.26/apps/doorbell-c/esp32/build_contexts/build_ctx_683878735/libs/ota-http-server/include"
mount from "/fwbuild-volumes/1.26/apps/doorbell-c/esp32/build_contexts/build_ctx_683878735/libs/pppos/include" to "/fwbuild-volumes/1.26/apps/doorbell-c/esp32/build_contexts/build_ctx_683878735/libs/pppos/include"
mount from "/fwbuild-volumes/1.26/apps/doorbell-c/esp32/build_contexts/build_ctx_683878735/libs/pwm/include" to "/fwbuild-volumes/1.26/apps/doorbell-c/esp32/build_contexts/build_ctx_683878735/libs/pwm/include"
mount from "/fwbuild-volumes/1.26/apps/doorbell-c/esp32/build_contexts/build_ctx_683878735/libs/rpc-loopback/include" to "/fwbuild-volumes/1.26/apps/doorbell-c/esp32/build_contexts/build_ctx_683878735/libs/rpc-loopback/include"
mount from "/fwbuild-volumes/1.26/apps/doorbell-c/esp32/build_contexts/build_ctx_683878735/libs/rpc-mqtt/include" to "/fwbuild-volumes/1.26/apps/doorbell-c/esp32/build_contexts/build_ctx_683878735/libs/rpc-mqtt/include"
mount from "/fwbuild-volumes/1.26/apps/doorbell-c/esp32/build_contexts/build_ctx_683878735/libs/rpc-service-config/include" to "/fwbuild-volumes/1.26/apps/doorbell-c/esp32/build_contexts/build_ctx_683878735/libs/rpc-service-config/include"
mount from "/fwbuild-volumes/1.26/apps/doorbell-c/esp32/build_contexts/build_ctx_683878735/libs/rpc-service-fs/include" to "/fwbuild-volumes/1.26/apps/doorbell-c/esp32/build_contexts/build_ctx_683878735/libs/rpc-service-fs/include"
mount from "/fwbuild-volumes/1.26/apps/doorbell-c/esp32/build_contexts/build_ctx_683878735/libs/rpc-service-gpio/include" to "/fwbuild-volumes/1.26/apps/doorbell-c/esp32/build_contexts/build_ctx_683878735/libs/rpc-service-gpio/include"
mount from "/fwbuild-volumes/1.26/apps/doorbell-c/esp32/build_contexts/build_ctx_683878735/libs/rpc-service-i2c/include" to "/fwbuild-volumes/1.26/apps/doorbell-c/esp32/build_contexts/build_ctx_683878735/libs/rpc-service-i2c/include"
mount from "/fwbuild-volumes/1.26/apps/doorbell-c/esp32/build_contexts/build_ctx_683878735/libs/rpc-service-ota/include" to "/fwbuild-volumes/1.26/apps/doorbell-c/esp32/build_contexts/build_ctx_683878735/libs/rpc-service-ota/include"
mount from "/fwbuild-volumes/1.26/apps/doorbell-c/esp32/build_contexts/build_ctx_683878735/libs/rpc-uart/include" to "/fwbuild-volumes/1.26/apps/doorbell-c/esp32/build_contexts/build_ctx_683878735/libs/rpc-uart/include"
mount from "/fwbuild-volumes/1.26/apps/doorbell-c/esp32/build_contexts/build_ctx_683878735/libs/sntp/include" to "/fwbuild-volumes/1.26/apps/doorbell-c/esp32/build_contexts/build_ctx_683878735/libs/sntp/include"
mount from "/fwbuild-volumes/1.26/apps/doorbell-c/esp32/build_contexts/build_ctx_683878735/libs/spi/include" to "/fwbuild-volumes/1.26/apps/doorbell-c/esp32/build_contexts/build_ctx_683878735/libs/spi/include"
mount from "/fwbuild-volumes/1.26/apps/doorbell-c/esp32/build_contexts/build_ctx_683878735/libs/vfs-dev-spi-flash/include" to "/fwbuild-volumes/1.26/apps/doorbell-c/esp32/build_contexts/build_ctx_683878735/libs/vfs-dev-spi-flash/include"
mount from "/fwbuild-volumes/1.26/apps/doorbell-c/esp32/build_contexts/build_ctx_683878735/libs/ca-bundle/fs" to "/fwbuild-volumes/1.26/apps/doorbell-c/esp32/build_contexts/build_ctx_683878735/libs/ca-bundle/fs"
mount from "/fwbuild-volumes/1.26/apps/doorbell-c/esp32/build_contexts/build_ctx_683878735/fs" to "/fwbuild-volumes/1.26/apps/doorbell-c/esp32/build_contexts/build_ctx_683878735/fs"
mount from "/fwbuild-volumes/1.26/apps/doorbell-c/esp32/build_contexts/build_ctx_683878735/libs/ota-shadow/lib/esp32" to "/fwbuild-volumes/1.26/apps/doorbell-c/esp32/build_contexts/build_ctx_683878735/libs/ota-shadow/lib/esp32"
mount from "/fwbuild-volumes/1.26/apps/doorbell-c/esp32/build_contexts/build_ctx_683878735/libs/dash/lib/esp32" to "/fwbuild-volumes/1.26/apps/doorbell-c/esp32/build_contexts/build_ctx_683878735/libs/dash/lib/esp32"
mount from "/fwbuild-volumes/1.26/apps/doorbell-c/esp32/build_contexts/build_ctx_683878735/libs/ota-http-client/lib/esp32" to "/fwbuild-volumes/1.26/apps/doorbell-c/esp32/build_contexts/build_ctx_683878735/libs/ota-http-client/lib/esp32"
mount from "/fwbuild-volumes/1.26/apps/doorbell-c/esp32/build_contexts/build_ctx_683878735/libs/ota-http-server/lib/esp32" to "/fwbuild-volumes/1.26/apps/doorbell-c/esp32/build_contexts/build_ctx_683878735/libs/ota-http-server/lib/esp32"
mount from "/fwbuild-volumes/1.26/apps/doorbell-c/esp32/build_contexts/build_ctx_683878735/libs/rpc-service-ota/lib/esp32" to "/fwbuild-volumes/1.26/apps/doorbell-c/esp32/build_contexts/build_ctx_683878735/libs/rpc-service-ota/lib/esp32"
mount from "/fwbuild-volumes/1.26/apps/doorbell-c/esp32/build_contexts/build_ctx_683878735/build/gen" to "/fwbuild-volumes/1.26/apps/doorbell-c/esp32/build_contexts/build_ctx_683878735/build/gen"
Docker arguments: run --name mos_build_2018-02-15T17-59-43-00_3526722460302626249 --rm -i -v /fwbuild-volumes/1.26/apps/doorbell-c/esp32/build_contexts/build_ctx_683878735/libs/i2c/esp32/src:/fwbuild-volumes/1.26/apps/doorbell-c/esp32/build_contexts/build_ctx_683878735/libs/i2c/esp32/src -v /fwbuild-volumes/1.26/apps/doorbell-c/esp32/build_contexts/build_ctx_683878735/libs/bt-common/src/esp32:/fwbuild-volumes/1.26/apps/doorbell-c/esp32/build_contexts/build_ctx_683878735/libs/bt-common/src/esp32 -v /fwbuild-volumes/1.26/apps/doorbell-c/esp32/build_contexts/build_ctx_683878735/libs/sntp/src:/fwbuild-volumes/1.26/apps/doorbell-c/esp32/build_contexts/build_ctx_683878735/libs/sntp/src -v /fwbuild-volumes/1.26/apps/doorbell-c/esp32/build_contexts/build_ctx_683878735/libs/spi/src/esp32:/fwbuild-volumes/1.26/apps/doorbell-c/esp32/build_contexts/build_ctx_683878735/libs/spi/src/esp32 -v /fwbuild-volumes/1.26/apps/doorbell-c/esp32/build_contexts/build_ctx_683878735/libs/mqtt/include:/fwbuild-volumes/1.26/apps/doorbell-c/esp32/build_contexts/build_ctx_683878735/libs/mqtt/include -v /fwbuild-volumes/1.26/apps/doorbell-c/esp32/build_contexts/build_ctx_683878735/libs/bt-common/include/esp32:/fwbuild-volumes/1.26/apps/doorbell-c/esp32/build_contexts/build_ctx_683878735/libs/bt-common/include/esp32 -v /fwbuild-volumes/1.26/apps/doorbell-c/esp32/build_contexts/build_ctx_683878735/libs/rpc-uart/include:/fwbuild-volumes/1.26/apps/doorbell-c/esp32/build_contexts/build_ctx_683878735/libs/rpc-uart/include -v /fwbuild-volumes/1.26/apps/doorbell-c/esp32/build_contexts/build_ctx_683878735/libs/rpc-service-ota/lib/esp32:/fwbuild-volumes/1.26/apps/doorbell-c/esp32/build_contexts/build_ctx_683878735/libs/rpc-service-ota/lib/esp32 -v /fwbuild-volumes/1.26/apps/doorbell-c/esp32/build_contexts/build_ctx_683878735/libs/adc/esp32/src:/fwbuild-volumes/1.26/apps/doorbell-c/esp32/build_contexts/build_ctx_683878735/libs/adc/esp32/src -v /fwbuild-volumes/1.26/apps/doorbell-c/esp32/build_contexts/build_ctx_683878735/libs/rpc-common/src:/fwbuild-volumes/1.26/apps/doorbell-c/esp32/build_contexts/build_ctx_683878735/libs/rpc-common/src -v /fwbuild-volumes/1.26/apps/doorbell-c/esp32/build_contexts/build_ctx_683878735/libs/esp32-touchpad/src:/fwbuild-volumes/1.26/apps/doorbell-c/esp32/build_contexts/build_ctx_683878735/libs/esp32-touchpad/src -v /fwbuild-volumes/1.26/apps/doorbell-c/esp32/build_contexts/build_ctx_683878735/libs/bt-common/include:/fwbuild-volumes/1.26/apps/doorbell-c/esp32/build_contexts/build_ctx_683878735/libs/bt-common/include -v /fwbuild-volumes/1.26/apps/doorbell-c/esp32/build_contexts/build_ctx_683878735/libs/wifi/esp32/include:/fwbuild-volumes/1.26/apps/doorbell-c/esp32/build_contexts/build_ctx_683878735/libs/wifi/esp32/include -v /fwbuild-volumes/1.26/apps/doorbell-c/esp32/build_contexts/build_ctx_683878735/libs/dash/include:/fwbuild-volumes/1.26/apps/doorbell-c/esp32/build_contexts/build_ctx_683878735/libs/dash/include -v /fwbuild-volumes/1.26/apps/doorbell-c/esp32/build_contexts/build_ctx_683878735/libs/dash/lib/esp32:/fwbuild-volumes/1.26/apps/doorbell-c/esp32/build_contexts/build_ctx_683878735/libs/dash/lib/esp32 -v /fwbuild-volumes/1.26/apps/doorbell-c/esp32/build_contexts/build_ctx_683878735/libs/aws/src:/fwbuild-volumes/1.26/apps/doorbell-c/esp32/build_contexts/build_ctx_683878735/libs/aws/src -v /fwbuild-volumes/1.26/apps/doorbell-c/esp32/build_contexts/build_ctx_683878735/libs/wifi/esp32/src:/fwbuild-volumes/1.26/apps/doorbell-c/esp32/build_contexts/build_ctx_683878735/libs/wifi/esp32/src -v /fwbuild-volumes/1.26/apps/doorbell-c/esp32/build_contexts/build_ctx_683878735/libs/rpc-service-fs/src:/fwbuild-volumes/1.26/apps/doorbell-c/esp32/build_contexts/build_ctx_683878735/libs/rpc-service-fs/src -v /fwbuild-volumes/1.26/apps/doorbell-c/esp32/build_contexts/build_ctx_683878735/libs/vfs-dev-spi-flash/src:/fwbuild-volumes/1.26/apps/doorbell-c/esp32/build_contexts/build_ctx_683878735/libs/vfs-dev-spi-flash/src -v /fwbuild-volumes/1.26/apps/doorbell-c/esp32/build_contexts/build_ctx_683878735/libs/mqtt/src:/fwbuild-volumes/1.26/apps/doorbell-c/esp32/build_contexts/build_ctx_683878735/libs/mqtt/src -v /fwbuild-volumes/1.26/apps/doorbell-c/esp32/build_contexts/build_ctx_683878735/libs/rpc-service-i2c/src:/fwbuild-volumes/1.26/apps/doorbell-c/esp32/build_contexts/build_ctx_683878735/libs/rpc-service-i2c/src -v /fwbuild-volumes/1.26/apps/doorbell-c/esp32/build_contexts/build_ctx_683878735/libs/spi/src:/fwbuild-volumes/1.26/apps/doorbell-c/esp32/build_contexts/build_ctx_683878735/libs/spi/src -v /fwbuild-volumes/1.26/apps/doorbell-c/esp32/build_contexts/build_ctx_683878735/libs/pwm/include:/fwbuild-volumes/1.26/apps/doorbell-c/esp32/build_contexts/build_ctx_683878735/libs/pwm/include -v /fwbuild-volumes/1.26/apps/doorbell-c/esp32/build_contexts/build_ctx_683878735/libs/sntp/include:/fwbuild-volumes/1.26/apps/doorbell-c/esp32/build_contexts/build_ctx_683878735/libs/sntp/include -v /fwbuild-volumes/1.26/apps/doorbell-c/esp32/build_contexts/build_ctx_683878735/fs:/fwbuild-volumes/1.26/apps/doorbell-c/esp32/build_contexts/build_ctx_683878735/fs -v /fwbuild-volumes/1.26/apps/doorbell-c/esp32/build_contexts/build_ctx_683878735/libs/gcp/include:/fwbuild-volumes/1.26/apps/doorbell-c/esp32/build_contexts/build_ctx_683878735/libs/gcp/include -v /fwbuild-volumes/1.26/apps/doorbell-c/esp32/build_contexts/build_ctx_683878735/libs/ca-bundle/src:/fwbuild-volumes/1.26/apps/doorbell-c/esp32/build_contexts/build_ctx_683878735/libs/ca-bundle/src -v /fwbuild-volumes/1.26/apps/doorbell-c/esp32/build_contexts/build_ctx_683878735/libs/bt-service-config/src/esp32:/fwbuild-volumes/1.26/apps/doorbell-c/esp32/build_contexts/build_ctx_683878735/libs/bt-service-config/src/esp32 -v /fwbuild-volumes/1.26/apps/doorbell-c/esp32/build_contexts/build_ctx_683878735/libs/bt-service-debug/src/esp32:/fwbuild-volumes/1.26/apps/doorbell-c/esp32/build_contexts/build_ctx_683878735/libs/bt-service-debug/src/esp32 -v /fwbuild-volumes/1.26/apps/doorbell-c/esp32/build_contexts/build_ctx_683878735/libs/wifi/src:/fwbuild-volumes/1.26/apps/doorbell-c/esp32/build_contexts/build_ctx_683878735/libs/wifi/src -v /fwbuild-volumes/1.26/apps/doorbell-c/esp32/build_contexts/build_ctx_683878735/libs/atca/include:/fwbuild-volumes/1.26/apps/doorbell-c/esp32/build_contexts/build_ctx_683878735/libs/atca/include -v /fwbuild-volumes/1.26/apps/doorbell-c/esp32/build_contexts/build_ctx_683878735/libs/http-server/include:/fwbuild-volumes/1.26/apps/doorbell-c/esp32/build_contexts/build_ctx_683878735/libs/http-server/include -v /fwbuild-volumes/1.26/apps/doorbell-c/esp32/build_contexts/build_ctx_683878735/libs/dht/include:/fwbuild-volumes/1.26/apps/doorbell-c/esp32/build_contexts/build_ctx_683878735/libs/dht/include -v /fwbuild-volumes/1.26/apps/doorbell-c/esp32/build_contexts/build_ctx_683878735/libs/pppos/include:/fwbuild-volumes/1.26/apps/doorbell-c/esp32/build_contexts/build_ctx_683878735/libs/pppos/include -v /fwbuild-volumes/1.26/apps/doorbell-c/esp32/build_contexts/build_ctx_683878735/libs/rpc-service-config/include:/fwbuild-volumes/1.26/apps/doorbell-c/esp32/build_contexts/build_ctx_683878735/libs/rpc-service-config/include -v /fwbuild-volumes/1.26/apps/doorbell-c/esp32/build_contexts/build_ctx_683878735/libs/shadow/src:/fwbuild-volumes/1.26/apps/doorbell-c/esp32/build_contexts/build_ctx_683878735/libs/shadow/src -v /fwbuild-volumes/1.26/apps/doorbell-c/esp32/build_contexts/build_ctx_683878735/libs/rpc-gatts/src/esp32:/fwbuild-volumes/1.26/apps/doorbell-c/esp32/build_contexts/build_ctx_683878735/libs/rpc-gatts/src/esp32 -v /fwbuild-volumes/1.26/apps/doorbell-c/esp32/build_contexts/build_ctx_683878735/libs/rpc-service-wifi/src:/fwbuild-volumes/1.26/apps/doorbell-c/esp32/build_contexts/build_ctx_683878735/libs/rpc-service-wifi/src -v /fwbuild-volumes/1.26/apps/doorbell-c/esp32/build_contexts/build_ctx_683878735/modules/mongoose-os:/mongoose-os -v /fwbuild-volumes/1.26/apps/doorbell-c/esp32/build_contexts/build_ctx_683878735/libs/http-server/src:/fwbuild-volumes/1.26/apps/doorbell-c/esp32/build_contexts/build_ctx_683878735/libs/http-server/src -v /fwbuild-volumes/1.26/apps/doorbell-c/esp32/build_contexts/build_ctx_683878735/libs/ota-shadow/lib/esp32:/fwbuild-volumes/1.26/apps/doorbell-c/esp32/build_contexts/build_ctx_683878735/libs/ota-shadow/lib/esp32 -v /fwbuild-volumes/1.26/apps/doorbell-c/esp32/build_contexts/build_ctx_683878735/libs/ota-http-client/lib/esp32:/fwbuild-volumes/1.26/apps/doorbell-c/esp32/build_contexts/build_ctx_683878735/libs/ota-http-client/lib/esp32 -v /fwbuild-volumes/1.26/apps/doorbell-c/esp32/build_contexts/build_ctx_683878735/libs/ca-bundle/fs:/fwbuild-volumes/1.26/apps/doorbell-c/esp32/build_contexts/build_ctx_683878735/libs/ca-bundle/fs -v /fwbuild-volumes/1.26/apps/doorbell-c/esp32/build_contexts/build_ctx_683878735/libs/i2c/src:/fwbuild-volumes/1.26/apps/doorbell-c/esp32/build_contexts/build_ctx_683878735/libs/i2c/src -v /fwbuild-volumes/1.26/apps/doorbell-c/esp32/build_contexts/build_ctx_683878735/libs/ethernet/src:/fwbuild-volumes/1.26/apps/doorbell-c/esp32/build_contexts/build_ctx_683878735/libs/ethernet/src -v /fwbuild-volumes/1.26/apps/doorbell-c/esp32/build_contexts/build_ctx_683878735/libs/dns-sd/src:/fwbuild-volumes/1.26/apps/doorbell-c/esp32/build_contexts/build_ctx_683878735/libs/dns-sd/src -v /fwbuild-volumes/1.26/apps/doorbell-c/esp32/build_contexts/build_ctx_683878735/libs/rpc-uart/src:/fwbuild-volumes/1.26/apps/doorbell-c/esp32/build_contexts/build_ctx_683878735/libs/rpc-uart/src -v /fwbuild-volumes/1.26/apps/doorbell-c/esp32/build_contexts/build_ctx_683878735/libs/wifi/include:/fwbuild-volumes/1.26/apps/doorbell-c/esp32/build_contexts/build_ctx_683878735/libs/wifi/include -v /fwbuild-volumes/1.26/apps/doorbell-c/esp32/build_contexts/build_ctx_683878735/libs/rpc-common/include/mg_rpc:/fwbuild-volumes/1.26/apps/doorbell-c/esp32/build_contexts/build_ctx_683878735/libs/rpc-common/include/mg_rpc -v /fwbuild-volumes/1.26/apps/doorbell-c/esp32/build_contexts/build_ctx_683878735/libs/vfs-dev-spi-flash/include:/fwbuild-volumes/1.26/apps/doorbell-c/esp32/build_contexts/build_ctx_683878735/libs/vfs-dev-spi-flash/include -v /fwbuild-volumes/1.26/apps/doorbell-c/esp32/build_contexts/build_ctx_683878735/libs/rpc-common/include:/fwbuild-volumes/1.26/apps/doorbell-c/esp32/build_contexts/build_ctx_683878735/libs/rpc-common/include -v /fwbuild-volumes/1.26/apps/doorbell-c/esp32/build_contexts/build_ctx_683878735/build:/fwbuild-volumes/1.26/apps/doorbell-c/esp32/build_contexts/build_ctx_683878735/build -v /fwbuild-volumes/1.26/apps/doorbell-c/esp32/build_contexts/build_ctx_683878735/src:/fwbuild-volumes/1.26/apps/doorbell-c/esp32/build_contexts/build_ctx_683878735/src -v /fwbuild-volumes/1.26/apps/doorbell-c/esp32/build_contexts/build_ctx_683878735/libs/pppos/src:/fwbuild-volumes/1.26/apps/doorbell-c/esp32/build_contexts/build_ctx_683878735/libs/pppos/src -v /fwbuild-volumes/1.26/apps/doorbell-c/esp32/build_contexts/build_ctx_683878735/libs/rpc-loopback/src:/fwbuild-volumes/1.26/apps/doorbell-c/esp32/build_contexts/build_ctx_683878735/libs/rpc-loopback/src -v /fwbuild-volumes/1.26/apps/doorbell-c/esp32/build_contexts/build_ctx_683878735/libs/rpc-service-atca/src:/fwbuild-volumes/1.26/apps/doorbell-c/esp32/build_contexts/build_ctx_683878735/libs/rpc-service-atca/src -v /fwbuild-volumes/1.26/apps/doorbell-c/esp32/build_contexts/build_ctx_683878735/libs/adc/include:/fwbuild-volumes/1.26/apps/doorbell-c/esp32/build_contexts/build_ctx_683878735/libs/adc/include -v /fwbuild-volumes/1.26/apps/doorbell-c/esp32/build_contexts/build_ctx_683878735/libs/shadow/include:/fwbuild-volumes/1.26/apps/doorbell-c/esp32/build_contexts/build_ctx_683878735/libs/shadow/include -v /fwbuild-volumes/1.26/apps/doorbell-c/esp32/build_contexts/build_ctx_683878735/libs/pwm/src/esp32:/fwbuild-volumes/1.26/apps/doorbell-c/esp32/build_contexts/build_ctx_683878735/libs/pwm/src/esp32 -v /fwbuild-volumes/1.26/apps/doorbell-c/esp32/build_contexts/build_ctx_683878735/libs/rpc-service-gpio/src:/fwbuild-volumes/1.26/apps/doorbell-c/esp32/build_contexts/build_ctx_683878735/libs/rpc-service-gpio/src -v /fwbuild-volumes/1.26/apps/doorbell-c/esp32/build_contexts/build_ctx_683878735/libs/aws/include:/fwbuild-volumes/1.26/apps/doorbell-c/esp32/build_contexts/build_ctx_683878735/libs/aws/include -v /fwbuild-volumes/1.26/apps/doorbell-c/esp32/build_contexts/build_ctx_683878735/libs/rpc-loopback/include:/fwbuild-volumes/1.26/apps/doorbell-c/esp32/build_contexts/build_ctx_683878735/libs/rpc-loopback/include -v /fwbuild-volumes/1.26/apps/doorbell-c/esp32/build_contexts/build_ctx_683878735/libs/rpc-service-i2c/include:/fwbuild-volumes/1.26/apps/doorbell-c/esp32/build_contexts/build_ctx_683878735/libs/rpc-service-i2c/include -v /fwbuild-volumes/1.26/apps/doorbell-c/esp32/build_contexts/build_ctx_683878735/libs/spi/include:/fwbuild-volumes/1.26/apps/doorbell-c/esp32/build_contexts/build_ctx_683878735/libs/spi/include -v /fwbuild-volumes/1.26/apps/doorbell-c/esp32/build_contexts/build_ctx_683878735/libs/ota-http-server/lib/esp32:/fwbuild-volumes/1.26/apps/doorbell-c/esp32/build_contexts/build_ctx_683878735/libs/ota-http-server/lib/esp32 -v /fwbuild-volumes/1.26/apps/doorbell-c/esp32/build_contexts/build_ctx_683878735/modules/mongoose-os:/fwbuild-volumes/1.26/apps/doorbell-c/esp32/build_contexts/build_ctx_683878735/modules/mongoose-os -v /fwbuild-volumes/1.26/apps/doorbell-c/esp32/build_contexts/build_ctx_683878735/libs/rpc-mqtt/src:/fwbuild-volumes/1.26/apps/doorbell-c/esp32/build_contexts/build_ctx_683878735/libs/rpc-mqtt/src -v /fwbuild-volumes/1.26/apps/doorbell-c/esp32/build_contexts/build_ctx_683878735/libs/i2c/include:/fwbuild-volumes/1.26/apps/doorbell-c/esp32/build_contexts/build_ctx_683878735/libs/i2c/include -v /fwbuild-volumes/1.26/apps/doorbell-c/esp32/build_contexts/build_ctx_683878735/libs/ota-http-client/include:/fwbuild-volumes/1.26/apps/doorbell-c/esp32/build_contexts/build_ctx_683878735/libs/ota-http-client/include -v /fwbuild-volumes/1.26/apps/doorbell-c/esp32/build_contexts/build_ctx_683878735/libs/rpc-service-fs/include:/fwbuild-volumes/1.26/apps/doorbell-c/esp32/build_contexts/build_ctx_683878735/libs/rpc-service-fs/include -v /fwbuild-volumes/1.26/apps/doorbell-c/esp32/build_contexts/build_ctx_683878735/libs/rpc-service-gpio/include:/fwbuild-volumes/1.26/apps/doorbell-c/esp32/build_contexts/build_ctx_683878735/libs/rpc-service-gpio/include -v /fwbuild-volumes/1.26/apps/doorbell-c/esp32/build_contexts/build_ctx_683878735/libs/rpc-service-ota/include:/fwbuild-volumes/1.26/apps/doorbell-c/esp32/build_contexts/build_ctx_683878735/libs/rpc-service-ota/include -v /fwbuild-volumes/1.26/apps/doorbell-c/esp32/build_contexts/build_ctx_683878735/libs/ethernet/src/esp32:/fwbuild-volumes/1.26/apps/doorbell-c/esp32/build_contexts/build_ctx_683878735/libs/ethernet/src/esp32 -v /fwbuild-volumes/1.26/apps/doorbell-c/esp32/build_contexts/build_ctx_683878735/libs/dns-sd/include:/fwbuild-volumes/1.26/apps/doorbell-c/esp32/build_contexts/build_ctx_683878735/libs/dns-sd/include -v /fwbuild-volumes/1.26/apps/doorbell-c/esp32/build_contexts/build_ctx_683878735:/app -v /fwbuild-volumes/1.26/apps/doorbell-c/esp32/build_contexts/build_ctx_683878735/libs/bt-common/src:/fwbuild-volumes/1.26/apps/doorbell-c/esp32/build_contexts/build_ctx_683878735/libs/bt-common/src -v /fwbuild-volumes/1.26/apps/doorbell-c/esp32/build_contexts/build_ctx_683878735/libs/dht/src:/fwbuild-volumes/1.26/apps/doorbell-c/esp32/build_contexts/build_ctx_683878735/libs/dht/src -v /fwbuild-volumes/1.26/apps/doorbell-c/esp32/build_contexts/build_ctx_683878735/libs/rpc-mqtt/include:/fwbuild-volumes/1.26/apps/doorbell-c/esp32/build_contexts/build_ctx_683878735/libs/rpc-mqtt/include -v /fwbuild-volumes/1.26/apps/doorbell-c/esp32/build_contexts/build_ctx_683878735/build/gen:/fwbuild-volumes/1.26/apps/doorbell-c/esp32/build_contexts/build_ctx_683878735/build/gen -v /fwbuild-volumes/1.26/apps/doorbell-c/esp32/build_contexts/build_ctx_683878735/libs/rpc-common/src/mg_rpc:/fwbuild-volumes/1.26/apps/doorbell-c/esp32/build_contexts/build_ctx_683878735/libs/rpc-common/src/mg_rpc -v /fwbuild-volumes/1.26/apps/doorbell-c/esp32/build_contexts/build_ctx_683878735/libs/gcp/src:/fwbuild-volumes/1.26/apps/doorbell-c/esp32/build_contexts/build_ctx_683878735/libs/gcp/src -v /fwbuild-volumes/1.26/apps/doorbell-c/esp32/build_contexts/build_ctx_683878735/libs/demo-bundle/src:/fwbuild-volumes/1.26/apps/doorbell-c/esp32/build_contexts/build_ctx_683878735/libs/demo-bundle/src -v /fwbuild-volumes/1.26/apps/doorbell-c/esp32/build_contexts/build_ctx_683878735/libs/atca/src:/fwbuild-volumes/1.26/apps/doorbell-c/esp32/build_contexts/build_ctx_683878735/libs/atca/src -v /fwbuild-volumes/1.26/apps/doorbell-c/esp32/build_contexts/build_ctx_683878735/libs/pwm/src:/fwbuild-volumes/1.26/apps/doorbell-c/esp32/build_contexts/build_ctx_683878735/libs/pwm/src -v /fwbuild-volumes/1.26/apps/doorbell-c/esp32/build_contexts/build_ctx_683878735/libs/rpc-service-config/src:/fwbuild-volumes/1.26/apps/doorbell-c/esp32/build_contexts/build_ctx_683878735/libs/rpc-service-config/src -v /fwbuild-volumes/1.26/apps/doorbell-c/esp32/build_contexts/build_ctx_683878735/libs/ota-http-server/include:/fwbuild-volumes/1.26/apps/doorbell-c/esp32/build_contexts/build_ctx_683878735/libs/ota-http-server/include --user 0:0 docker.cesanta.com/esp32-build:3.0-rc1-r3 /bin/bash -c nice make '-j' '16' '-C' '/app' '-f' '/mongoose-os/fw/platforms/esp32/Makefile.build' 'all' 'MGOS_HAVE_OTA_HTTP_SERVER=1' 'MGOS_HAVE_RPC_SERVICE_I2C=1' 'MGOS_HAVE_DHT=1' 'MGOS_HAVE_WIFI=1' 'MGOS_ENABLE_MDNS=1' 'FS_STAGING_DIR=build/fs' 'ESP_IDF_SDKCONFIG_OPTS= CONFIG_BT_ENABLED=y CONFIG_BLUEDROID_ENABLED=y CONFIG_BTC_TASK_STACK_SIZE=6144 CONFIG_BLUEDROID_MEM_DEBUG= CONFIG_CLASSIC_BT_ENABLED= CONFIG_BT_DRAM_RELEASE=y CONFIG_GATTS_ENABLE=y CONFIG_GATTC_ENABLE=y CONFIG_BLE_SMP_ENABLE=y CONFIG_BT_STACK_NO_LOG= CONFIG_BT_ACL_CONNECTIONS=4 CONFIG_BTDM_CONTROLLER_RUN_CPU=0 CONFIG_SMP_ENABLE=y CONFIG_BT_RESERVE_DRAM=0x10000  CONFIG_PPP_SUPPORT=y' 'MGOS_HAVE_RPC_GATTS=1' 'MGOS_ENABLE_DNS_SD=1' 'MGOS_HAVE_DNS_SD=1' 'MGOS_HAVE_SPI=1' 'MGOS_HAVE_DEMO_BUNDLE=1' 'APP_CONF_SCHEMA=/fwbuild-volumes/1.26/apps/doorbell-c/esp32/build_contexts/build_ctx_683878735/build/gen/mos_conf_schema.yml' 'MGOS_WIFI_ENABLE_AP_STA=1' 'MGOS_HAVE_RPC_MQTT=1' 'MGOS_HAVE_BT_SERVICE_CONFIG=1' 'APP_FS_FILES=/fwbuild-volumes/1.26/apps/doorbell-c/esp32/build_contexts/build_ctx_683878735/libs/ca-bundle/fs/ca.pem /fwbuild-volumes/1.26/apps/doorbell-c/esp32/build_contexts/build_ctx_683878735/fs/index.html' 'MGOS_PATH=/mongoose-os' 'APP_SOURCES=/fwbuild-volumes/1.26/apps/doorbell-c/esp32/build_contexts/build_ctx_683878735/src/main.c /fwbuild-volumes/1.26/apps/doorbell-c/esp32/build_contexts/build_ctx_683878735/build/gen/deps_init.c /fwbuild-volumes/1.26/apps/doorbell-c/esp32/build_contexts/build_ctx_683878735/libs/adc/esp32/src/esp32_adc.c /fwbuild-volumes/1.26/apps/doorbell-c/esp32/build_contexts/build_ctx_683878735/libs/i2c/src/mgos_i2c.c /fwbuild-volumes/1.26/apps/doorbell-c/esp32/build_contexts/build_ctx_683878735/libs/i2c/esp32/src/esp32_i2c_master.c /fwbuild-volumes/1.26/apps/doorbell-c/esp32/build_contexts/build_ctx_683878735/libs/atca/src/mgos_atca.c /fwbuild-volumes/1.26/apps/doorbell-c/esp32/build_contexts/build_ctx_683878735/libs/ca-bundle/src/mgos_ca_bundle.c /fwbuild-volumes/1.26/apps/doorbell-c/esp32/build_contexts/build_ctx_683878735/libs/mqtt/src/mgos_mqtt.c /fwbuild-volumes/1.26/apps/doorbell-c/esp32/build_contexts/build_ctx_683878735/libs/shadow/src/mgos_shadow.c /fwbuild-volumes/1.26/apps/doorbell-c/esp32/build_contexts/build_ctx_683878735/libs/aws/src/mgos_aws.c /fwbuild-volumes/1.26/apps/doorbell-c/esp32/build_contexts/build_ctx_683878735/libs/aws/src/mgos_aws_greengrass.c /fwbuild-volumes/1.26/apps/doorbell-c/esp32/build_contexts/build_ctx_683878735/libs/aws/src/mgos_aws_shadow.c /fwbuild-volumes/1.26/apps/doorbell-c/esp32/build_contexts/build_ctx_683878735/libs/bt-common/src/mgos_bt.c /fwbuild-volumes/1.26/apps/doorbell-c/esp32/build_contexts/build_ctx_683878735/libs/bt-common/src/mgos_bt_gap.c /fwbuild-volumes/1.26/apps/doorbell-c/esp32/build_contexts/build_ctx_683878735/libs/bt-common/src/esp32/esp32_bt.c /fwbuild-volumes/1.26/apps/doorbell-c/esp32/build_contexts/build_ctx_683878735/libs/bt-common/src/esp32/esp32_bt_gap.c /fwbuild-volumes/1.26/apps/doorbell-c/esp32/build_contexts/build_ctx_683878735/libs/bt-common/src/esp32/esp32_bt_gattc.c /fwbuild-volumes/1.26/apps/doorbell-c/esp32/build_contexts/build_ctx_683878735/libs/bt-common/src/esp32/esp32_bt_gatts.c /fwbuild-volumes/1.26/apps/doorbell-c/esp32/build_contexts/build_ctx_683878735/libs/bt-service-config/src/esp32/esp32_bt_svc_config.c /fwbuild-volumes/1.26/apps/doorbell-c/esp32/build_contexts/build_ctx_683878735/libs/bt-service-debug/src/esp32/esp32_bt_svc_debug.c /fwbuild-volumes/1.26/apps/doorbell-c/esp32/build_contexts/build_ctx_683878735/libs/ethernet/src/mgos_eth.c /fwbuild-volumes/1.26/apps/doorbell-c/esp32/build_contexts/build_ctx_683878735/libs/ethernet/src/esp32/esp32_eth.c /fwbuild-volumes/1.26/apps/doorbell-c/esp32/build_contexts/build_ctx_683878735/libs/wifi/src/mgos_wifi.c /fwbuild-volumes/1.26/apps/doorbell-c/esp32/build_contexts/build_ctx_683878735/libs/wifi/src/mjs_wifi.c /fwbuild-volumes/1.26/apps/doorbell-c/esp32/build_contexts/build_ctx_683878735/libs/wifi/esp32/src/esp32_wifi.c /fwbuild-volumes/1.26/apps/doorbell-c/esp32/build_contexts/build_ctx_683878735/libs/http-server/src/mgos_http_server.c /fwbuild-volumes/1.26/apps/doorbell-c/esp32/build_contexts/build_ctx_683878735/libs/rpc-common/src/mg_rpc/mg_rpc.c /fwbuild-volumes/1.26/apps/doorbell-c/esp32/build_contexts/build_ctx_683878735/libs/rpc-common/src/mg_rpc/mg_rpc_channel.c /fwbuild-volumes/1.26/apps/doorbell-c/esp32/build_contexts/build_ctx_683878735/libs/rpc-common/src/mg_rpc/mg_rpc_channel_http.c /fwbuild-volumes/1.26/apps/doorbell-c/esp32/build_contexts/build_ctx_683878735/libs/rpc-common/src/mg_rpc/mg_rpc_channel_ws.c /fwbuild-volumes/1.26/apps/doorbell-c/esp32/build_contexts/build_ctx_683878735/libs/rpc-common/src/mgos_rpc.c /fwbuild-volumes/1.26/apps/doorbell-c/esp32/build_contexts/build_ctx_683878735/libs/dht/src/mgos_dht.c /fwbuild-volumes/1.26/apps/doorbell-c/esp32/build_contexts/build_ctx_683878735/libs/dns-sd/src/mgos_dns_sd.c /fwbuild-volumes/1.26/apps/doorbell-c/esp32/build_contexts/build_ctx_683878735/libs/esp32-touchpad/src/esp32_touchpad.c /fwbuild-volumes/1.26/apps/doorbell-c/esp32/build_contexts/build_ctx_683878735/libs/gcp/src/mgos_gcp.c /fwbuild-volumes/1.26/apps/doorbell-c/esp32/build_contexts/build_ctx_683878735/libs/pppos/src/mgos_pppos.c /fwbuild-volumes/1.26/apps/doorbell-c/esp32/build_contexts/build_ctx_683878735/libs/pwm/src/mgos_pwm.c /fwbuild-volumes/1.26/apps/doorbell-c/esp32/build_contexts/build_ctx_683878735/libs/pwm/src/esp32/esp32_pwm.c /fwbuild-volumes/1.26/apps/doorbell-c/esp32/build_contexts/build_ctx_683878735/libs/rpc-gatts/src/esp32/esp32_rpc_channel_gatts.c /fwbuild-volumes/1.26/apps/doorbell-c/esp32/build_contexts/build_ctx_683878735/libs/rpc-loopback/src/mg_rpc_channel_loopback.c /fwbuild-volumes/1.26/apps/doorbell-c/esp32/build_contexts/build_ctx_683878735/libs/rpc-mqtt/src/mgos_rpc_channel_mqtt.c /fwbuild-volumes/1.26/apps/doorbell-c/esp32/build_contexts/build_ctx_683878735/libs/rpc-service-atca/src/mgos_atca_service.c /fwbuild-volumes/1.26/apps/doorbell-c/esp32/build_contexts/build_ctx_683878735/libs/rpc-service-config/src/mgos_service_config.c /fwbuild-volumes/1.26/apps/doorbell-c/esp32/build_contexts/build_ctx_683878735/libs/rpc-service-fs/src/mgos_service_filesystem.c /fwbuild-volumes/1.26/apps/doorbell-c/esp32/build_contexts/build_ctx_683878735/libs/rpc-service-gpio/src/mgos_gpio_service.c /fwbuild-volumes/1.26/apps/doorbell-c/esp32/build_contexts/build_ctx_683878735/libs/rpc-service-i2c/src/mgos_i2c_service.c /fwbuild-volumes/1.26/apps/doorbell-c/esp32/build_contexts/build_ctx_683878735/libs/rpc-service-wifi/src/mgos_rpc_service_wifi.c /fwbuild-volumes/1.26/apps/doorbell-c/esp32/build_contexts/build_ctx_683878735/libs/rpc-uart/src/mgos_rpc_channel_uart.c /fwbuild-volumes/1.26/apps/doorbell-c/esp32/build_contexts/build_ctx_683878735/libs/sntp/src/mgos_sntp.c /fwbuild-volumes/1.26/apps/doorbell-c/esp32/build_contexts/build_ctx_683878735/libs/spi/src/mgos_spi.c /fwbuild-volumes/1.26/apps/doorbell-c/esp32/build_contexts/build_ctx_683878735/libs/spi/src/mgos_spi_mjs.c /fwbuild-volumes/1.26/apps/doorbell-c/esp32/build_contexts/build_ctx_683878735/libs/spi/src/esp32/esp32_spi_master.c /fwbuild-volumes/1.26/apps/doorbell-c/esp32/build_contexts/build_ctx_683878735/libs/vfs-dev-spi-flash/src/mgos_vfs_dev_spi_flash.c /fwbuild-volumes/1.26/apps/doorbell-c/esp32/build_contexts/build_ctx_683878735/libs/demo-bundle/src/mgos_demo_bundle.c' 'MGOS_HAVE_RPC_SERVICE_FS=1' 'MGOS_HAVE_ATCA=1' 'MGOS_HAVE_RPC_SERVICE_CONFIG=1' 'APP_BIN_LIBS=/fwbuild-volumes/1.26/apps/doorbell-c/esp32/build_contexts/build_ctx_683878735/libs/ota-shadow/lib/esp32/libota-shadow.a /fwbuild-volumes/1.26/apps/doorbell-c/esp32/build_contexts/build_ctx_683878735/libs/dash/lib/esp32/libdash.a /fwbuild-volumes/1.26/apps/doorbell-c/esp32/build_contexts/build_ctx_683878735/libs/ota-http-client/lib/esp32/libota-http-client.a /fwbuild-volumes/1.26/apps/doorbell-c/esp32/build_contexts/build_ctx_683878735/libs/ota-http-server/lib/esp32/libota-http-server.a /fwbuild-volumes/1.26/apps/doorbell-c/esp32/build_contexts/build_ctx_683878735/libs/rpc-service-ota/lib/esp32/librpc-service-ota.a' 'MGOS_HAVE_CA_BUNDLE=1' 'PLATFORM=esp32' 'MGOS_HAVE_RPC_COMMON=1' 'MGOS_HAVE_RPC_SERVICE_WIFI=1' 'MGOS_HAVE_GCP=1' 'MGOS_HAVE_OTA_SHADOW=1' 'MGOS_ENABLE_UPDATER=1' 'APP_CXXFLAGS=-DMGOS_HAVE_GCP=1 -DMGOS_ENABLE_SYS_SERVICE=1 -DMGOS_ETH_PHY_LAN87x0=1 -DMGOS_HAVE_RPC_SERVICE_WIFI=1 -DMGOS_ENABLE_WEB_CONFIG=0 -DMGOS_HAVE_RPC_SERVICE_GPIO=1 -DMGOS_HAVE_RPC_GATTS=1 -DMGOS_HAVE_OTA_HTTP_SERVER=1 -DMGOS_WIFI_ENABLE_AP_STA=1 -DMGOS_HAVE_DHT=1 -DMGOS_HAVE_AWS=1 -DMGOS_HAVE_RPC_SERVICE_FS=1 -DMGOS_HAVE_DNS_SD=1 -DMGOS_HAVE_PWM=1 -DMGOS_HAVE_CA_BUNDLE=1 -DMG_ENABLE_MQTT=1 -DMGOS_HAVE_OTA_SHADOW=1 -DMGOS_HAVE_RPC_LOOPBACK=1 -DMGOS_ENABLE_TUNNEL=0 -DMGOS_HAVE_ESP32_TOUCHPAD=1 -DMGOS_HAVE_RPC_SERVICE_CONFIG=1 -DMGOS_HAVE_BT_SERVICE_CONFIG=1 -DMGOS_HAVE_BT_COMMON=1 -DMGOS_HAVE_SNTP=1 -DMGOS_HAVE_RPC_SERVICE_I2C=1 -DMGOS_ENABLE_FILE_UPLOAD=1 -DMGOS_HAVE_ADC=1 -DMGOS_HAVE_HTTP_SERVER=1 -DMG_ENABLE_DNS_SERVER=1 -DMGOS_HAVE_BT_SERVICE_DEBUG=1 -DMGOS_HAVE_DEMO_BUNDLE=1 -DMGOS_HAVE_WIFI=1 -DMGOS_HAVE_RPC_COMMON=1 -DMGOS_HAVE_PPPOS=1 -DMGOS_HAVE_DASH=1 -DMGOS_HAVE_RPC_UART=1 -DMGOS_HAVE_MQTT=1 -DMGOS_ENABLE_RPC_CHANNEL_HTTP=1 -DMGOS_HAVE_RPC_MQTT=1 -DMGOS_ENABLE_RPC_CHANNEL_WS=1 -DMGOS_HAVE_I2C=1 -DMGOS_HAVE_SHADOW=1 -DMGOS_HAVE_RPC_SERVICE_ATCA=1 -DMGOS_HAVE_VFS_DEV_SPI_FLASH=1 -DMGOS_HAVE_RPC_SERVICE_OTA=1 -DMGOS_HAVE_OTA_HTTP_CLIENT=1 -DMGOS_HAVE_ETHERNET=1 -DMGOS_HAVE_SPI=1 -DMG_ENABLE_SNTP=1 -DMGOS_HAVE_ATCA=1' 'APP_INCLUDES=/fwbuild-volumes/1.26/apps/doorbell-c/esp32/build_contexts/build_ctx_683878735/libs/adc/include /fwbuild-volumes/1.26/apps/doorbell-c/esp32/build_contexts/build_ctx_683878735/libs/i2c/include /fwbuild-volumes/1.26/apps/doorbell-c/esp32/build_contexts/build_ctx_683878735/libs/atca/include /fwbuild-volumes/1.26/apps/doorbell-c/esp32/build_contexts/build_ctx_683878735/libs/mqtt/include /fwbuild-volumes/1.26/apps/doorbell-c/esp32/build_contexts/build_ctx_683878735/libs/shadow/include /fwbuild-volumes/1.26/apps/doorbell-c/esp32/build_contexts/build_ctx_683878735/libs/aws/include /fwbuild-volumes/1.26/apps/doorbell-c/esp32/build_contexts/build_ctx_683878735/libs/bt-common/include /fwbuild-volumes/1.26/apps/doorbell-c/esp32/build_contexts/build_ctx_683878735/libs/bt-common/include/esp32 /fwbuild-volumes/1.26/apps/doorbell-c/esp32/build_contexts/build_ctx_683878735/libs/wifi/include /fwbuild-volumes/1.26/apps/doorbell-c/esp32/build_contexts/build_ctx_683878735/libs/wifi/esp32/include /fwbuild-volumes/1.26/apps/doorbell-c/esp32/build_contexts/build_ctx_683878735/libs/http-server/include /fwbuild-volumes/1.26/apps/doorbell-c/esp32/build_contexts/build_ctx_683878735/libs/rpc-common/include/mg_rpc /fwbuild-volumes/1.26/apps/doorbell-c/esp32/build_contexts/build_ctx_683878735/libs/rpc-common/include /fwbuild-volumes/1.26/apps/doorbell-c/esp32/build_contexts/build_ctx_683878735/libs/dash/include /fwbuild-volumes/1.26/apps/doorbell-c/esp32/build_contexts/build_ctx_683878735/libs/dht/include /fwbuild-volumes/1.26/apps/doorbell-c/esp32/build_contexts/build_ctx_683878735/libs/dns-sd/include /fwbuild-volumes/1.26/apps/doorbell-c/esp32/build_contexts/build_ctx_683878735/libs/gcp/include /fwbuild-volumes/1.26/apps/doorbell-c/esp32/build_contexts/build_ctx_683878735/libs/ota-http-client/include /fwbuild-volumes/1.26/apps/doorbell-c/esp32/build_contexts/build_ctx_683878735/libs/ota-http-server/include /fwbuild-volumes/1.26/apps/doorbell-c/esp32/build_contexts/build_ctx_683878735/libs/pppos/include /fwbuild-volumes/1.26/apps/doorbell-c/esp32/build_contexts/build_ctx_683878735/libs/pwm/include /fwbuild-volumes/1.26/apps/doorbell-c/esp32/build_contexts/build_ctx_683878735/libs/rpc-loopback/include /fwbuild-volumes/1.26/apps/doorbell-c/esp32/build_contexts/build_ctx_683878735/libs/rpc-mqtt/include /fwbuild-volumes/1.26/apps/doorbell-c/esp32/build_contexts/build_ctx_683878735/libs/rpc-service-config/include /fwbuild-volumes/1.26/apps/doorbell-c/esp32/build_contexts/build_ctx_683878735/libs/rpc-service-fs/include /fwbuild-volumes/1.26/apps/doorbell-c/esp32/build_contexts/build_ctx_683878735/libs/rpc-service-gpio/include /fwbuild-volumes/1.26/apps/doorbell-c/esp32/build_contexts/build_ctx_683878735/libs/rpc-service-i2c/include /fwbuild-volumes/1.26/apps/doorbell-c/esp32/build_contexts/build_ctx_683878735/libs/rpc-service-ota/include /fwbuild-volumes/1.26/apps/doorbell-c/esp32/build_contexts/build_ctx_683878735/libs/rpc-uart/include /fwbuild-volumes/1.26/apps/doorbell-c/esp32/build_contexts/build_ctx_683878735/libs/sntp/include /fwbuild-volumes/1.26/apps/doorbell-c/esp32/build_contexts/build_ctx_683878735/libs/spi/include /fwbuild-volumes/1.26/apps/doorbell-c/esp32/build_contexts/build_ctx_683878735/libs/vfs-dev-spi-flash/include' 'MANIFEST_FINAL=/fwbuild-volumes/1.26/apps/doorbell-c/esp32/build_contexts/build_ctx_683878735/build/gen/mos_final.yml' 'MGOS_HAVE_RPC_SERVICE_GPIO=1' 'MGOS_HAVE_SHADOW=1' 'GEN_DIR=/fwbuild-volumes/1.26/apps/doorbell-c/esp32/build_contexts/build_ctx_683878735/build/gen' 'FFI_SYMBOLS=' 'MGOS_HAVE_RPC_SERVICE_ATCA=1' 'MGOS_HAVE_VFS_DEV_SPI_FLASH=1' 'MGOS_HAVE_RPC_SERVICE_OTA=1' 'APP_CFLAGS=-DMG_ENABLE_SNTP=1 -DMGOS_HAVE_ATCA=1 -DMGOS_HAVE_RPC_SERVICE_ATCA=1 -DMGOS_HAVE_VFS_DEV_SPI_FLASH=1 -DMGOS_HAVE_RPC_SERVICE_OTA=1 -DMGOS_HAVE_OTA_HTTP_CLIENT=1 -DMGOS_HAVE_ETHERNET=1 -DMGOS_HAVE_SPI=1 -DMGOS_HAVE_GCP=1 -DMGOS_ENABLE_SYS_SERVICE=1 -DMGOS_ETH_PHY_LAN87x0=1 -DMGOS_HAVE_RPC_SERVICE_WIFI=1 -DMGOS_ENABLE_WEB_CONFIG=0 -DMGOS_HAVE_AWS=1 -DMGOS_HAVE_RPC_SERVICE_FS=1 -DMGOS_HAVE_RPC_SERVICE_GPIO=1 -DMGOS_HAVE_RPC_GATTS=1 -DMGOS_HAVE_OTA_HTTP_SERVER=1 -DMGOS_WIFI_ENABLE_AP_STA=1 -DMGOS_HAVE_DHT=1 -DMGOS_ENABLE_TUNNEL=0 -DMGOS_HAVE_ESP32_TOUCHPAD=1 -DMGOS_HAVE_DNS_SD=1 -DMGOS_HAVE_PWM=1 -DMGOS_HAVE_CA_BUNDLE=1 -DMG_ENABLE_MQTT=1 -DMGOS_HAVE_OTA_SHADOW=1 -DMGOS_HAVE_RPC_LOOPBACK=1 -DMGOS_HAVE_RPC_SERVICE_CONFIG=1 -DMGOS_HAVE_ADC=1 -DMGOS_HAVE_BT_SERVICE_CONFIG=1 -DMGOS_HAVE_BT_COMMON=1 -DMGOS_HAVE_SNTP=1 -DMGOS_HAVE_RPC_SERVICE_I2C=1 -DMGOS_ENABLE_FILE_UPLOAD=1 -DMGOS_HAVE_HTTP_SERVER=1 -DMG_ENABLE_DNS_SERVER=1 -DMGOS_HAVE_BT_SERVICE_DEBUG=1 -DMGOS_HAVE_DEMO_BUNDLE=1 -DMGOS_HAVE_MQTT=1 -DMGOS_HAVE_WIFI=1 -DMGOS_HAVE_RPC_COMMON=1 -DMGOS_HAVE_PPPOS=1 -DMGOS_HAVE_DASH=1 -DMGOS_HAVE_RPC_UART=1 -DMGOS_ENABLE_RPC_CHANNEL_HTTP=1 -DMGOS_HAVE_RPC_MQTT=1 -DMGOS_ENABLE_RPC_CHANNEL_WS=1 -DMGOS_HAVE_I2C=1 -DMGOS_HAVE_SHADOW=1' 'MGOS_HAVE_RPC_LOOPBACK=1' 'MGOS_HAVE_BT_SERVICE_DEBUG=1' 'MGOS_HAVE_BT_COMMON=1' 'MGOS_HAVE_HTTP_SERVER=1' 'MGOS_HAVE_MQTT=1' 'MGOS_HAVE_PWM=1' 'BUILD_DIR=/fwbuild-volumes/1.26/apps/doorbell-c/esp32/build_contexts/build_ctx_683878735/build/objs' 'MGOS_HAVE_RPC_UART=1' 'MGOS_HAVE_OTA_HTTP_CLIENT=1' 'MGOS_HAVE_SNTP=1' 'MGOS_HAVE_ETHERNET=1' 'MGOS_ENABLE_SPI_GPIO=0' 'MGOS_HAVE_PPPOS=1' 'MGOS_HAVE_ADC=1' 'MGOS_ENABLE_I2C_GPIO=0' 'MGOS_HAVE_I2C=1' 'MGOS_HAVE_AWS=1' 'MGOS_HAVE_DASH=1' 'ESP_IDF_EXTRA_COMPONENTS= bt' 'MGOS_HAVE_ESP32_TOUCHPAD=1' 'APP_VERSION=1.0' 'FW_DIR=build/fw' 'APP=doorbell-c'
make: Entering directory '/app'
including /opt/Espressif/esp-idf/components/bootloader/Makefile.projbuild...
including /opt/Espressif/esp-idf/components/bootloader_support/Makefile.projbuild...
including /opt/Espressif/esp-idf/components/esp32/Makefile.projbuild...
including /opt/Espressif/esp-idf/components/esptool_py/Makefile.projbuild...
including /opt/Espressif/esp-idf/components/partition_table/Makefile.projbuild...
/mongoose-os/fw/platforms/esp32/Makefile.build:181: warning: overriding recipe for target 'defconfig'
/opt/Espressif/esp-idf/make/project_config.mk:71: warning: ignoring old recipe for target 'defconfig'
/mongoose-os/fw/platforms/esp32/Makefile.build:181: warning: overriding recipe for target 'menuconfig'
/opt/Espressif/esp-idf/make/project_config.mk:58: warning: ignoring old recipe for target 'menuconfig'
make[1]: Entering directory '/opt/Espressif/esp-idf/components/bootloader/subproject'
Target 'component-app_update-build' responsible for '/fwbuild-volumes/1.26/apps/doorbell-c/esp32/build_contexts/build_ctx_683878735/build/objs/app_update/libapp_update.a'
Target 'component-app_trace-build' responsible for '/fwbuild-volumes/1.26/apps/doorbell-c/esp32/build_contexts/build_ctx_683878735/build/objs/app_trace/libapp_trace.a'
Target 'component-driver-build' responsible for '/fwbuild-volumes/1.26/apps/doorbell-c/esp32/build_contexts/build_ctx_683878735/build/objs/driver/libdriver.a'
Target 'component-esp_adc_cal-build' responsible for '/fwbuild-volumes/1.26/apps/doorbell-c/esp32/build_contexts/build_ctx_683878735/build/objs/esp_adc_cal/libesp_adc_cal.a'
Target 'component-ethernet-build' responsible for '/fwbuild-volumes/1.26/apps/doorbell-c/esp32/build_contexts/build_ctx_683878735/build/objs/ethernet/libethernet.a'
Target 'component-expat-build' responsible for '/fwbuild-volumes/1.26/apps/doorbell-c/esp32/build_contexts/build_ctx_683878735/build/objs/expat/libexpat.a'
Target 'component-freertos-build' responsible for '/fwbuild-volumes/1.26/apps/doorbell-c/esp32/build_contexts/build_ctx_683878735/build/objs/freertos/libfreertos.a'
Target 'component-heap-build' responsible for '/fwbuild-volumes/1.26/apps/doorbell-c/esp32/build_contexts/build_ctx_683878735/build/objs/heap/libheap.a'
Target 'component-log-build' responsible for '/fwbuild-volumes/1.26/apps/doorbell-c/esp32/build_contexts/build_ctx_683878735/build/objs/log/liblog.a'
Target 'component-cxx-build' responsible for '/fwbuild-volumes/1.26/apps/doorbell-c/esp32/build_contexts/build_ctx_683878735/build/objs/cxx/libcxx.a'
Target 'component-micro-ecc-build' responsible for '/fwbuild-volumes/1.26/apps/doorbell-c/esp32/build_contexts/build_ctx_683878735/build/objs/micro-ecc/libmicro-ecc.a'
Target 'component-newlib-build' responsible for '/fwbuild-volumes/1.26/apps/doorbell-c/esp32/build_contexts/build_ctx_683878735/build/objs/newlib/libnewlib.a'
Target 'component-nvs_flash-build' responsible for '/fwbuild-volumes/1.26/apps/doorbell-c/esp32/build_contexts/build_ctx_683878735/build/objs/nvs_flash/libnvs_flash.a'
Target 'component-bootloader_support-build' responsible for '/fwbuild-volumes/1.26/apps/doorbell-c/esp32/build_contexts/build_ctx_683878735/build/objs/bootloader_support/libbootloader_support.a'
Target 'component-pthread-build' responsible for '/fwbuild-volumes/1.26/apps/doorbell-c/esp32/build_contexts/build_ctx_683878735/build/objs/pthread/libpthread.a'
Target 'component-soc-build' responsible for '/fwbuild-volumes/1.26/apps/doorbell-c/esp32/build_contexts/build_ctx_683878735/build/objs/soc/libsoc.a'
Target 'component-spi_flash-build' responsible for '/fwbuild-volumes/1.26/apps/doorbell-c/esp32/build_contexts/build_ctx_683878735/build/objs/spi_flash/libspi_flash.a'
Target 'component-tcpip_adapter-build' responsible for '/fwbuild-volumes/1.26/apps/doorbell-c/esp32/build_contexts/build_ctx_683878735/build/objs/tcpip_adapter/libtcpip_adapter.a'
Target 'component-vfs-build' responsible for '/fwbuild-volumes/1.26/apps/doorbell-c/esp32/build_contexts/build_ctx_683878735/build/objs/vfs/libvfs.a'
Target 'component-xtensa-debug-module-build' responsible for '/fwbuild-volumes/1.26/apps/doorbell-c/esp32/build_contexts/build_ctx_683878735/build/objs/xtensa-debug-module/libxtensa-debug-module.a'
Target 'component-spiffs-build' responsible for '/fwbuild-volumes/1.26/apps/doorbell-c/esp32/build_contexts/build_ctx_683878735/build/objs/spiffs/libspiffs.a'
Target 'component-cryptoauthlib-build' responsible for '/fwbuild-volumes/1.26/apps/doorbell-c/esp32/build_contexts/build_ctx_683878735/build/objs/cryptoauthlib/libcryptoauthlib.a'
Target 'component-cs_mbedtls-build' responsible for '/fwbuild-volumes/1.26/apps/doorbell-c/esp32/build_contexts/build_ctx_683878735/build/objs/cs_mbedtls/libcs_mbedtls.a'
Target 'component-esp32-build' responsible for '/fwbuild-volumes/1.26/apps/doorbell-c/esp32/build_contexts/build_ctx_683878735/build/objs/esp32/libesp32.a'
Target 'component-wpa_supplicant-build' responsible for '/fwbuild-volumes/1.26/apps/doorbell-c/esp32/build_contexts/build_ctx_683878735/build/objs/wpa_supplicant/libwpa_supplicant.a'
Target 'component-lwip-build' responsible for '/fwbuild-volumes/1.26/apps/doorbell-c/esp32/build_contexts/build_ctx_683878735/build/objs/lwip/liblwip.a'
make[1]: Entering directory '/fwbuild-volumes/1.26/apps/doorbell-c/esp32/build_contexts/build_ctx_683878735/build/objs/mosapp'
CC main.o
including /opt/Espressif/esp-idf/components/esptool_py/Makefile.projbuild...
including /opt/Espressif/esp-idf/components/bootloader_support/Makefile.projbuild...
including /opt/Espressif/esp-idf/components/bootloader/subproject/main/Makefile.projbuild...
Target 'component-spi_flash-build' responsible for '/fwbuild-volumes/1.26/apps/doorbell-c/esp32/build_contexts/build_ctx_683878735/build/objs/bootloader/spi_flash/libspi_flash.a'
Target 'component-bootloader_support-build' responsible for '/fwbuild-volumes/1.26/apps/doorbell-c/esp32/build_contexts/build_ctx_683878735/build/objs/bootloader/bootloader_support/libbootloader_support.a'
Target 'component-log-build' responsible for '/fwbuild-volumes/1.26/apps/doorbell-c/esp32/build_contexts/build_ctx_683878735/build/objs/bootloader/log/liblog.a'
Target 'component-micro-ecc-build' responsible for '/fwbuild-volumes/1.26/apps/doorbell-c/esp32/build_contexts/build_ctx_683878735/build/objs/bootloader/micro-ecc/libmicro-ecc.a'
Target 'component-soc-build' responsible for '/fwbuild-volumes/1.26/apps/doorbell-c/esp32/build_contexts/build_ctx_683878735/build/objs/bootloader/soc/libsoc.a'
Target 'component-main-build' responsible for '/fwbuild-volumes/1.26/apps/doorbell-c/esp32/build_contexts/build_ctx_683878735/build/objs/bootloader/main/libmain.a'
make[1]: Leaving directory '/opt/Espressif/esp-idf/components/bootloader/subproject'
Target 'component-bt-build' responsible for '/fwbuild-volumes/1.26/apps/doorbell-c/esp32/build_contexts/build_ctx_683878735/build/objs/bt/libbt.a'
/fwbuild-volumes/1.26/apps/doorbell-c/esp32/build_contexts/build_ctx_683878735/src/main.c: In function 'mgos_app_init':
/fwbuild-volumes/1.26/apps/doorbell-c/esp32/build_contexts/build_ctx_683878735/src/main.c:148:7: warning: unused variable 'wake_cause' [-Wunused-variable]
   int wake_cause = why_wake();
       ^
/fwbuild-volumes/1.26/apps/doorbell-c/esp32/build_contexts/build_ctx_683878735/src/main.c:147:7: warning: unused variable 'reset_reason' [-Wunused-variable]
   int reset_reason = why_reset();
       ^
  GEN   /fwbuild-volumes/1.26/apps/doorbell-c/esp32/build_contexts/build_ctx_683878735/build/gen/build_info.c
CC build_info.o
AR /fwbuild-volumes/1.26/apps/doorbell-c/esp32/build_contexts/build_ctx_683878735/build/objs/mosapp/libmosapp.a
make[1]: Leaving directory '/fwbuild-volumes/1.26/apps/doorbell-c/esp32/build_contexts/build_ctx_683878735/build/objs/mosapp'
Target 'component-mosapp-build' responsible for '/fwbuild-volumes/1.26/apps/doorbell-c/esp32/build_contexts/build_ctx_683878735/build/objs/mosapp/libmosapp.a'
esptool.py v2.1
  Generating breakdown
  CP    /fwbuild-volumes/1.26/apps/doorbell-c/esp32/build_contexts/build_ctx_683878735/libs/ca-bundle/fs/ca.pem -> build/fs
  CP    /fwbuild-volumes/1.26/apps/doorbell-c/esp32/build_contexts/build_ctx_683878735/fs/index.html -> build/fs
  CP    /fwbuild-volumes/1.26/apps/doorbell-c/esp32/build_contexts/build_ctx_683878735/build/gen/conf0.json -> build/fs
  MKFS  /usr/local/bin/mkspiffs8 262144 4096 256 4096 build/fs -> /fwbuild-volumes/1.26/apps/doorbell-c/esp32/build_contexts/build_ctx_683878735/build/objs/fw_temp/fs.img
     Adding ca.pem: 17334
     Adding conf0.json: 5245
     Adding index.html: 85
     Image stats: size=262144, space: total=233681, used=23845, free=209836
  GEN    /fwbuild-volumes/1.26/apps/doorbell-c/esp32/build_contexts/build_ctx_683878735/build/objs/fw_temp/manifest.json
  ZIP    /app/build/fw/doorbell-c-esp32-last.zip
     Adding /fwbuild-volumes/1.26/apps/doorbell-c/esp32/build_contexts/build_ctx_683878735/build/objs/fw_temp/bootloader.bin
     Adding /fwbuild-volumes/1.26/apps/doorbell-c/esp32/build_contexts/build_ctx_683878735/build/objs/fw_temp/doorbell-c.bin
     Adding /fwbuild-volumes/1.26/apps/doorbell-c/esp32/build_contexts/build_ctx_683878735/build/objs/fw_temp/fs.img
     Adding /fwbuild-volumes/1.26/apps/doorbell-c/esp32/build_contexts/build_ctx_683878735/build/objs/fw_temp/partitions_mgos.bin
  Built doorbell-c/esp32 version 1.0 (20180215-175945/???)
To flash all build output, run 'make flash' or:
python /opt/Espressif/esp-idf/components/esptool_py/esptool/esptool.py --chip esp32 --port /dev/ttyUSB0 --baud 1500000 --before default_reset --after hard_reset write_flash -z --flash_mode qio --flash_freq 40m --flash_size detect 0x1000 /fwbuild-volumes/1.26/apps/doorbell-c/esp32/build_contexts/build_ctx_683878735/build/objs/bootloader/bootloader.bin 0x10000 /fwbuild-volumes/1.26/apps/doorbell-c/esp32/build_contexts/build_ctx_683878735/build/objs/doorbell-c.bin 0x8000 /fwbuild-volumes/1.26/apps/doorbell-c/esp32/build_contexts/build_ctx_683878735/build/objs/partitions_mgos.bin
make: Leaving directory '/app'
Success, built doorbell-c/esp32 version 1.0 (20180215-175945/???).
Firmware saved to build/fw.zip
