Drill Listing
=============
Drill: .009  Tool: 1  Feed: 0  Speed: 0
X 1922026  Y 1486990
X 1999726  Y 1486990
X 2021026  Y 1522490
X 1999726  Y 1493990
X 1988968  Y 1504796
X 1967926  Y 1526090
X 1960826  Y 1525990
X 1942926  Y 1529490
X 1940726  Y 1527390
X 1918326  Y 1504890
X 1891926  Y 1524740
X 1889176  Y 1524740
X 1879426  Y 1521090
X 1879377  Y 1510967
X 1872426  Y 1513090
X 1856903  Y 1514403
X 1856903  Y 1530803
X 1852177  Y 1532167
X 1851977  Y 1537767
X 1849777  Y 1534767
X 1847177  Y 1537767
X 1841977  Y 1537567
X 1836977  Y 1537567
X 1850577  Y 1588567
X 1851777  Y 1581367
X 1854577  Y 1586367
X 1854726  Y 1564390
X 1858577  Y 1584367
X 1861977  Y 1588567
X 1874676  Y 1550490
X 1874676  Y 1547240
X 1879426  Y 1571740
X 1884426  Y 1577740
X 1893176  Y 1576990
X 1894176  Y 1568740
X 1918426  Y 1568290
X 1929764  Y 1584226
X 1929764  Y 1581976
X 1929777  Y 1588567
X 1930626  Y 1586490
X 1930926  Y 1578290
X 1941995  Y 1585681
X 1941995  Y 1588931
X 1941995  Y 1579681
X 1943995  Y 1587431
X 1950826  Y 1578190
X 1953326  Y 1578690
X 1985226  Y 1579990
X 1988426  Y 1579190
X 1996926  Y 1569740
X 2015214  Y 1585593
X 2051676  Y 1580740
X 2051676  Y 1583740
X 2075469  Y 1566436
X 2075469  Y 1571436
X 2075569  Y 1561436
X 2077954  Y 1576977
X 2064026  Y 1591490
X 2063926  Y 1595490
X 2024726  Y 1603590
X 2020226  Y 1603690
X 2011014  Y 1590493
X 2002477  Y 1598167
X 1941995  Y 1597431
X 1921176  Y 1591740
X 1921176  Y 1610240
X 1921176  Y 1607490
X 1915578  Y 1598881
X 1909578  Y 1601381
X 1898578  Y 1603881
X 1892578  Y 1606381
X 1887078  Y 1598881
X 1881078  Y 1601381
X 1870078  Y 1603881
X 1864078  Y 1606381
X 1858578  Y 1598881
X 1855777  Y 1599167
X 1853078  Y 1601381
X 1849977  Y 1598967
X 1844177  Y 1598967
X 1841578  Y 1603881
X 1838577  Y 1598967
X 1835578  Y 1606381
X 1836078  Y 1616881
X 1841578  Y 1619381
X 1853078  Y 1621881
X 1858578  Y 1624381
X 1864078  Y 1616881
X 1870078  Y 1619381
X 1881578  Y 1621881
X 1887078  Y 1624381
X 1892578  Y 1616881
X 1898578  Y 1619381
X 1909526  Y 1621990
X 1915526  Y 1624490
X 2050926  Y 1619990
X 2062426  Y 1623490

Drill: .012  Tool: 2  Feed: 95  Speed: 300
X 2082503  Y 1491303
X 2082503  Y 1494803
X 2063503  Y 1553303
X 2063503  Y 1556803
X 2058503  Y 1553303
X 2058503  Y 1556803
X 2037503  Y 1548303
X 2029503  Y 1534803
X 2029503  Y 1538303
X 1859726  Y 1542290
X 1851926  Y 1577390
X 1921327  Y 1602167
X 1925526  Y 1575990
X 1944264  Y 1575976
X 1992227  Y 1580167
X 2011314  Y 1580193
X 2017145  Y 1599931
X 2058503  Y 1565303
X 2058503  Y 1568803

Drill: .02362  Tool: 3  Feed: 197  Speed: 550
X 2073339  Y 1606171
X 2073339  Y 1621919
X 2083419  Y 1600265 X 2080270  Y 1600265
X 2083419  Y 1627824 X 2080270  Y 1627824
X 2068852  Y 1600265 X 2065703  Y 1600265
X 2068852  Y 1627824 X 2065703  Y 1627824

Drill: .02756  Tool: 4  Feed: 197  Speed: 550
X 1879492  Y 1498915
X 1879492  Y 1491041
X 1887366  Y 1498915
X 1887366  Y 1491041
X 1895240  Y 1498915
X 1895240  Y 1491041
X 1903114  Y 1498915
X 1903114  Y 1491041
X 1940200  Y 1498915
X 1940200  Y 1491041
X 1948074  Y 1498915
X 1948074  Y 1491041
X 1955948  Y 1498915
X 1955948  Y 1491041
X 1963822  Y 1498915
X 1963822  Y 1491041
X 1971696  Y 1498915
X 1971696  Y 1491041
X 1979570  Y 1498915
X 1979570  Y 1491041
X 2016656  Y 1498915
X 2016656  Y 1491041
X 2024530  Y 1498915
X 2024530  Y 1491041
X 2032404  Y 1491041
X 2032404  Y 1498915
X 2040278  Y 1491041
X 2040278  Y 1498915

Drill: .03543  Tool: 5  Feed: 197  Speed: 550
X 2026518  Y 1610623
X 2044234  Y 1610623
X 2044234  Y 1626371
X 2044234  Y 1618497
X 2026518  Y 1626371
X 2026518  Y 1618497

Drill: .04  Tool: 6  Feed: 139  Speed: 550
X 2037554  Y 1526977
X 2047554  Y 1526977
X 2057554  Y 1526977
X 2067554  Y 1526977
X 2077554  Y 1526977

Drill: .12598  Tool: 7  Feed: 35  Speed: 794
X 1857426  Y 1214346
X 2062344  Y 1214346
X 2062344  Y 1494978
X 1857426  Y 1494978

End of Listing
