Drill Listing
=============
Drill: .009  Tool: 1  Feed: 0  Speed: 0
X 1760383  Y 1495372
X 1784383  Y 1492872
X 1785503  Y 1509803
X 1823520  Y 1505846
X 1827930  Y 1498666
X 1857383  Y 1507872
X 1859383  Y 1511372
X 1862883  Y 1507372
X 1864383  Y 1510872
X 1886704  Y 1498766
X 1892704  Y 1497802
X 1894204  Y 1499766
X 1894204  Y 1495766
X 1899182  Y 1507620
X 1900883  Y 1500872
X 1900883  Y 1497872
X 1900883  Y 1494872
X 1902883  Y 1490872
X 1903004  Y 1503366
X 1903883  Y 1500872
X 1903883  Y 1497872
X 1903883  Y 1494872
X 1904883  Y 1490872
X 1905977  Y 1507620
X 1906883  Y 1500872
X 1906883  Y 1497872
X 1906883  Y 1494872
X 1908704  Y 1490966
X 1910804  Y 1503366
X 1913404  Y 1497766
X 1914204  Y 1495766
X 1973461  Y 1487171
X 2014883  Y 1506872
X 2014883  Y 1501872
X 2030941  Y 1487564
X 2027883  Y 1527872
X 2014883  Y 1516872
X 2014883  Y 1512372
X 1995883  Y 1528872
X 1995883  Y 1536872
X 1981883  Y 1536872
X 1981883  Y 1528872
X 1969883  Y 1536872
X 1969883  Y 1528872
X 1931883  Y 1534872
X 1926883  Y 1534872
X 1922504  Y 1534766
X 1911963  Y 1525117
X 1909363  Y 1525117
X 1890383  Y 1513372
X 1886604  Y 1518566
X 1884383  Y 1526872
X 1869883  Y 1522872
X 1869883  Y 1526372
X 1862803  Y 1519203
X 1855883  Y 1534872
X 1855766  Y 1512297
X 1853883  Y 1531872
X 1847383  Y 1515372
X 1837383  Y 1521872
X 1836678  Y 1515054
X 1830383  Y 1529372
X 1829383  Y 1522872
X 1822143  Y 1529457
X 1801819  Y 1527285
X 1795883  Y 1533372
X 1786383  Y 1528372
X 1783383  Y 1516872
X 1781335  Y 1526934
X 1768383  Y 1512872
X 1764883  Y 1557372
X 1783753  Y 1557053
X 1795883  Y 1541872
X 1795883  Y 1537872
X 1812883  Y 1546372
X 1813810  Y 1540902
X 1815883  Y 1549372
X 1817753  Y 1537803
X 1819383  Y 1552872
X 1821883  Y 1560872
X 1823354  Y 1544709
X 1826383  Y 1537872
X 1827822  Y 1548592
X 1830883  Y 1541372
X 1834387  Y 1555947
X 1836383  Y 1546872
X 1844383  Y 1551372
X 1845883  Y 1553372
X 1848094  Y 1555228
X 1848883  Y 1541872
X 1855285  Y 1548693
X 1863987  Y 1540691
X 1867029  Y 1554748
X 1869383  Y 1538372
X 1870017  Y 1548975
X 1871029  Y 1544949
X 1877883  Y 1538872
X 1907883  Y 1551372
X 1907883  Y 1554372
X 1943904  Y 1539166
X 1949504  Y 1551266
X 1952204  Y 1555366
X 1969883  Y 1544872
X 1981883  Y 1544872
X 1995883  Y 1544872
X 2042383  Y 1560872
X 2036883  Y 1572372
X 2026604  Y 1572466
X 1968403  Y 1577903
X 1864647  Y 1567232
X 1845931  Y 1564053
X 1835883  Y 1565872
X 1832883  Y 1569872
X 1828383  Y 1578372
X 1824883  Y 1577872
X 1820883  Y 1576372
X 1816883  Y 1572372
X 1811883  Y 1565372
X 1791383  Y 1574872
X 1791204  Y 1563066
X 1760383  Y 1571872

Drill: .012  Tool: 2  Feed: 0  Speed: 0
X 1800604  Y 1547466
X 1900599  Y 1539766
X 1902652  Y 1572308
X 2020753  Y 1525053
X 2030403  Y 1568573

Drill: .015  Tool: 3  Feed: 0  Speed: 0
X 1793434  Y 1527685
X 1814114  Y 1534400
X 1898115  Y 1524124
X 1916319  Y 1522117

Drill: .02362  Tool: 4  Feed: 0  Speed: 0
X 1771509  Y 1525910
X 1771509  Y 1541659
X 1761429  Y 1547564 X 1764578  Y 1547564
X 1761429  Y 1520005 X 1764578  Y 1520005
X 1775996  Y 1547564 X 1779145  Y 1547564
X 1775996  Y 1520005 X 1779145  Y 1520005

Drill: .04  Tool: 5  Feed: 0  Speed: 0
X 1921031  Y 1505803
X 1921031  Y 1495803
X 1952503  Y 1499803
X 1952503  Y 1509803
X 1962503  Y 1499803
X 1962503  Y 1509803
X 1972503  Y 1499803
X 1972503  Y 1509803
X 1982503  Y 1499803
X 1982503  Y 1509803
X 1992503  Y 1499803
X 1992503  Y 1509803
X 1992503  Y 1557803
X 1992503  Y 1567803
X 1982503  Y 1557803
X 1982503  Y 1567803
X 1972503  Y 1567803
X 1972503  Y 1557803
X 1938003  Y 1564803
X 1938003  Y 1574803
X 1938003  Y 1554803
X 1922383  Y 1563872
X 1922383  Y 1573872
X 1921031  Y 1515803

End of Listing
